[ 2015-04-22T10:13:31+08:00 ] ::1 /zhao/
ERR: SQLSTATE[42S02]: Base table or view not found: 1146 Table 'zhao.zh_goods' doesn't exist

[ 2015-04-22T14:32:06+08:00 ] ::1 /zhao/Home/Cart/add.html
ERR: 非法操作:add

[ 2015-04-22T20:36:54+08:00 ] ::1 /zhao/Home/Cart/add
INFO: [ app_begin ] --START--
INFO: Run Behavior\ReadHtmlCacheBehavior [ RunTime:0.000678s ]
INFO: [ app_begin ] --END-- [ RunTime:0.001090s ]
SQL: SHOW COLUMNS FROM `zh_product` [ RunTime:0.0096s ]
SQL: SELECT * FROM `zh_product` WHERE ( 1 ) LIMIT 1   [ RunTime:0.0006s ]
NOTIC: [2] Missing argument 5 for Think\Cart::addItem(), called in D:\XAMMP\htdocs\zhao\Application\Home\Controller\CartController.class.php on line 18 and defined D:\XAMMP\htdocs\zhao\ThinkPHP\Library\Think\Cart.class.php 第 20 行.
INFO: [ app_end ] --START--
INFO: Run Behavior\ShowPageTraceBehavior [ RunTime:0.000800s ]
INFO: [ app_end ] --END-- [ RunTime:0.000864s ]

[ 2015-04-22T20:36:54+08:00 ] ::1 /zhao/Home/Cart/add
INFO: [ app_begin ] --START--
INFO: Run Behavior\ReadHtmlCacheBehavior [ RunTime:0.000461s ]
INFO: [ app_begin ] --END-- [ RunTime:0.000821s ]
SQL: SHOW COLUMNS FROM `zh_product` [ RunTime:0.0051s ]
SQL: SELECT * FROM `zh_product` WHERE ( 1 ) LIMIT 1   [ RunTime:0.0007s ]
NOTIC: [2] Missing argument 5 for Think\Cart::addItem(), called in D:\XAMMP\htdocs\zhao\Application\Home\Controller\CartController.class.php on line 18 and defined D:\XAMMP\htdocs\zhao\ThinkPHP\Library\Think\Cart.class.php 第 20 行.
INFO: [ app_end ] --START--
INFO: Run Behavior\ShowPageTraceBehavior [ RunTime:0.000470s ]
INFO: [ app_end ] --END-- [ RunTime:0.000523s ]

[ 2015-04-22T20:36:54+08:00 ] ::1 /zhao/Home/Cart/add
INFO: [ app_begin ] --START--
INFO: Run Behavior\ReadHtmlCacheBehavior [ RunTime:0.000459s ]
INFO: [ app_begin ] --END-- [ RunTime:0.000815s ]
SQL: SHOW COLUMNS FROM `zh_product` [ RunTime:0.0052s ]
SQL: SELECT * FROM `zh_product` WHERE ( 1 ) LIMIT 1   [ RunTime:0.0006s ]
NOTIC: [2] Missing argument 5 for Think\Cart::addItem(), called in D:\XAMMP\htdocs\zhao\Application\Home\Controller\CartController.class.php on line 18 and defined D:\XAMMP\htdocs\zhao\ThinkPHP\Library\Think\Cart.class.php 第 20 行.
INFO: [ app_end ] --START--
INFO: Run Behavior\ShowPageTraceBehavior [ RunTime:0.000598s ]
INFO: [ app_end ] --END-- [ RunTime:0.000663s ]

[ 2015-04-22T20:40:00+08:00 ] ::1 /zhao/Home/Cart/add
INFO: [ app_begin ] --START--
INFO: Run Behavior\ReadHtmlCacheBehavior [ RunTime:0.000816s ]
INFO: [ app_begin ] --END-- [ RunTime:0.001403s ]
SQL: SHOW COLUMNS FROM `zh_product` [ RunTime:0.0135s ]
SQL: SELECT * FROM `zh_product` WHERE ( 1 ) LIMIT 1   [ RunTime:0.0006s ]
NOTIC: [2] Missing argument 5 for Think\Cart::addItem(), called in D:\XAMMP\htdocs\zhao\Application\Home\Controller\CartController.class.php on line 18 and defined D:\XAMMP\htdocs\zhao\ThinkPHP\Library\Think\Cart.class.php 第 20 行.
INFO: [ app_end ] --START--
INFO: Run Behavior\ShowPageTraceBehavior [ RunTime:0.000564s ]
INFO: [ app_end ] --END-- [ RunTime:0.000609s ]

[ 2015-04-22T20:40:02+08:00 ] ::1 /zhao/Home/Cart/add
INFO: [ app_begin ] --START--
INFO: Run Behavior\ReadHtmlCacheBehavior [ RunTime:0.000525s ]
INFO: [ app_begin ] --END-- [ RunTime:0.000960s ]
SQL: SHOW COLUMNS FROM `zh_product` [ RunTime:0.0122s ]
SQL: SELECT * FROM `zh_product` WHERE ( 1 ) LIMIT 1   [ RunTime:0.0008s ]
NOTIC: [2] Missing argument 5 for Think\Cart::addItem(), called in D:\XAMMP\htdocs\zhao\Application\Home\Controller\CartController.class.php on line 18 and defined D:\XAMMP\htdocs\zhao\ThinkPHP\Library\Think\Cart.class.php 第 20 行.
INFO: [ app_end ] --START--
INFO: Run Behavior\ShowPageTraceBehavior [ RunTime:0.000594s ]
INFO: [ app_end ] --END-- [ RunTime:0.000649s ]

[ 2015-04-22T20:40:05+08:00 ] ::1 /zhao/Home/Cart/add
INFO: [ app_begin ] --START--
INFO: Run Behavior\ReadHtmlCacheBehavior [ RunTime:0.000527s ]
INFO: [ app_begin ] --END-- [ RunTime:0.000908s ]
SQL: SHOW COLUMNS FROM `zh_product` [ RunTime:0.0089s ]
SQL: SELECT * FROM `zh_product` WHERE ( 1 ) LIMIT 1   [ RunTime:0.0006s ]
NOTIC: [2] Missing argument 5 for Think\Cart::addItem(), called in D:\XAMMP\htdocs\zhao\Application\Home\Controller\CartController.class.php on line 18 and defined D:\XAMMP\htdocs\zhao\ThinkPHP\Library\Think\Cart.class.php 第 20 行.
INFO: [ app_end ] --START--
INFO: Run Behavior\ShowPageTraceBehavior [ RunTime:0.000747s ]
INFO: [ app_end ] --END-- [ RunTime:0.000825s ]

[ 2015-04-22T20:40:08+08:00 ] ::1 /zhao/Home/Cart/add
INFO: [ app_begin ] --START--
INFO: Run Behavior\ReadHtmlCacheBehavior [ RunTime:0.000433s ]
INFO: [ app_begin ] --END-- [ RunTime:0.000787s ]
SQL: SHOW COLUMNS FROM `zh_product` [ RunTime:0.0086s ]
SQL: SELECT * FROM `zh_product` WHERE ( 1 ) LIMIT 1   [ RunTime:0.0007s ]
NOTIC: [2] Missing argument 5 for Think\Cart::addItem(), called in D:\XAMMP\htdocs\zhao\Application\Home\Controller\CartController.class.php on line 18 and defined D:\XAMMP\htdocs\zhao\ThinkPHP\Library\Think\Cart.class.php 第 20 行.
INFO: [ app_end ] --START--
INFO: Run Behavior\ShowPageTraceBehavior [ RunTime:0.000816s ]
INFO: [ app_end ] --END-- [ RunTime:0.000899s ]

[ 2015-04-22T20:40:47+08:00 ] ::1 /zhao/Home/Cart/add
INFO: [ app_begin ] --START--
INFO: Run Behavior\ReadHtmlCacheBehavior [ RunTime:0.000899s ]
INFO: [ app_begin ] --END-- [ RunTime:0.001589s ]
SQL: SHOW COLUMNS FROM `zh_product` [ RunTime:0.0109s ]
SQL: SELECT * FROM `zh_product` WHERE ( 1 ) LIMIT 1   [ RunTime:0.0007s ]
NOTIC: [2] Missing argument 5 for Think\Cart::addItem(), called in D:\XAMMP\htdocs\zhao\Application\Home\Controller\CartController.class.php on line 18 and defined D:\XAMMP\htdocs\zhao\ThinkPHP\Library\Think\Cart.class.php 第 20 行.

[ 2015-04-22T20:40:48+08:00 ] ::1 /zhao/Home/Cart/add
INFO: [ app_begin ] --START--
INFO: Run Behavior\ReadHtmlCacheBehavior [ RunTime:0.000542s ]
INFO: [ app_begin ] --END-- [ RunTime:0.000985s ]
SQL: SHOW COLUMNS FROM `zh_product` [ RunTime:0.0114s ]
SQL: SELECT * FROM `zh_product` WHERE ( 1 ) LIMIT 1   [ RunTime:0.0005s ]
NOTIC: [2] Missing argument 5 for Think\Cart::addItem(), called in D:\XAMMP\htdocs\zhao\Application\Home\Controller\CartController.class.php on line 18 and defined D:\XAMMP\htdocs\zhao\ThinkPHP\Library\Think\Cart.class.php 第 20 行.

[ 2015-04-22T20:40:49+08:00 ] ::1 /zhao/Home/Cart/add
INFO: [ app_begin ] --START--
INFO: Run Behavior\ReadHtmlCacheBehavior [ RunTime:0.000679s ]
INFO: [ app_begin ] --END-- [ RunTime:0.001395s ]
SQL: SHOW COLUMNS FROM `zh_product` [ RunTime:0.0076s ]
SQL: SELECT * FROM `zh_product` WHERE ( 1 ) LIMIT 1   [ RunTime:0.0005s ]
NOTIC: [2] Missing argument 5 for Think\Cart::addItem(), called in D:\XAMMP\htdocs\zhao\Application\Home\Controller\CartController.class.php on line 18 and defined D:\XAMMP\htdocs\zhao\ThinkPHP\Library\Think\Cart.class.php 第 20 行.

[ 2015-04-22T20:40:50+08:00 ] ::1 /zhao/Home/Cart/add
INFO: [ app_begin ] --START--
INFO: Run Behavior\ReadHtmlCacheBehavior [ RunTime:0.001122s ]
INFO: [ app_begin ] --END-- [ RunTime:0.002121s ]
SQL: SHOW COLUMNS FROM `zh_product` [ RunTime:0.0112s ]
SQL: SELECT * FROM `zh_product` WHERE ( 1 ) LIMIT 1   [ RunTime:0.0005s ]
NOTIC: [2] Missing argument 5 for Think\Cart::addItem(), called in D:\XAMMP\htdocs\zhao\Application\Home\Controller\CartController.class.php on line 18 and defined D:\XAMMP\htdocs\zhao\ThinkPHP\Library\Think\Cart.class.php 第 20 行.

[ 2015-04-22T20:40:50+08:00 ] ::1 /zhao/Home/Cart/add
INFO: [ app_begin ] --START--
INFO: Run Behavior\ReadHtmlCacheBehavior [ RunTime:0.000489s ]
INFO: [ app_begin ] --END-- [ RunTime:0.000864s ]
SQL: SHOW COLUMNS FROM `zh_product` [ RunTime:0.0061s ]
SQL: SELECT * FROM `zh_product` WHERE ( 1 ) LIMIT 1   [ RunTime:0.0005s ]
NOTIC: [2] Missing argument 5 for Think\Cart::addItem(), called in D:\XAMMP\htdocs\zhao\Application\Home\Controller\CartController.class.php on line 18 and defined D:\XAMMP\htdocs\zhao\ThinkPHP\Library\Think\Cart.class.php 第 20 行.

[ 2015-04-22T20:41:54+08:00 ] ::1 /zhao/Home/Cart/add
INFO: [ app_begin ] --START--
INFO: Run Behavior\ReadHtmlCacheBehavior [ RunTime:0.000591s ]
INFO: [ app_begin ] --END-- [ RunTime:0.001001s ]
SQL: SHOW COLUMNS FROM `zh_product` [ RunTime:0.0097s ]
SQL: SELECT * FROM `zh_product` WHERE ( 1 ) LIMIT 1   [ RunTime:0.0005s ]
NOTIC: [2] Missing argument 5 for Think\Cart::addItem(), called in D:\XAMMP\htdocs\zhao\Application\Home\Controller\CartController.class.php on line 18 and defined D:\XAMMP\htdocs\zhao\ThinkPHP\Library\Think\Cart.class.php 第 20 行.

[ 2015-04-22T20:41:55+08:00 ] ::1 /zhao/Home/Cart/add
INFO: [ app_begin ] --START--
INFO: Run Behavior\ReadHtmlCacheBehavior [ RunTime:0.000459s ]
INFO: [ app_begin ] --END-- [ RunTime:0.000834s ]
SQL: SHOW COLUMNS FROM `zh_product` [ RunTime:0.0086s ]
SQL: SELECT * FROM `zh_product` WHERE ( 1 ) LIMIT 1   [ RunTime:0.0007s ]
NOTIC: [2] Missing argument 5 for Think\Cart::addItem(), called in D:\XAMMP\htdocs\zhao\Application\Home\Controller\CartController.class.php on line 18 and defined D:\XAMMP\htdocs\zhao\ThinkPHP\Library\Think\Cart.class.php 第 20 行.

[ 2015-04-22T20:41:57+08:00 ] ::1 /zhao/Home/Cart/add
INFO: [ app_begin ] --START--
INFO: Run Behavior\ReadHtmlCacheBehavior [ RunTime:0.000723s ]
INFO: [ app_begin ] --END-- [ RunTime:0.001467s ]
SQL: SHOW COLUMNS FROM `zh_product` [ RunTime:0.0743s ]
SQL: SELECT * FROM `zh_product` WHERE ( 1 ) LIMIT 1   [ RunTime:0.0007s ]
NOTIC: [2] Missing argument 5 for Think\Cart::addItem(), called in D:\XAMMP\htdocs\zhao\Application\Home\Controller\CartController.class.php on line 18 and defined D:\XAMMP\htdocs\zhao\ThinkPHP\Library\Think\Cart.class.php 第 20 行.

[ 2015-04-22T20:41:57+08:00 ] ::1 /zhao/Home/Cart/add
INFO: [ app_begin ] --START--
INFO: Run Behavior\ReadHtmlCacheBehavior [ RunTime:0.000693s ]
INFO: [ app_begin ] --END-- [ RunTime:0.001118s ]
SQL: SHOW COLUMNS FROM `zh_product` [ RunTime:0.0058s ]
SQL: SELECT * FROM `zh_product` WHERE ( 1 ) LIMIT 1   [ RunTime:0.0007s ]
NOTIC: [2] Missing argument 5 for Think\Cart::addItem(), called in D:\XAMMP\htdocs\zhao\Application\Home\Controller\CartController.class.php on line 18 and defined D:\XAMMP\htdocs\zhao\ThinkPHP\Library\Think\Cart.class.php 第 20 行.

[ 2015-04-22T20:41:57+08:00 ] ::1 /zhao/Home/Cart/add
INFO: [ app_begin ] --START--
INFO: Run Behavior\ReadHtmlCacheBehavior [ RunTime:0.000495s ]
INFO: [ app_begin ] --END-- [ RunTime:0.000950s ]
SQL: SHOW COLUMNS FROM `zh_product` [ RunTime:0.0066s ]
SQL: SELECT * FROM `zh_product` WHERE ( 1 ) LIMIT 1   [ RunTime:0.0005s ]
NOTIC: [2] Missing argument 5 for Think\Cart::addItem(), called in D:\XAMMP\htdocs\zhao\Application\Home\Controller\CartController.class.php on line 18 and defined D:\XAMMP\htdocs\zhao\ThinkPHP\Library\Think\Cart.class.php 第 20 行.

[ 2015-04-22T20:41:57+08:00 ] ::1 /zhao/Home/Cart/add
INFO: [ app_begin ] --START--
INFO: Run Behavior\ReadHtmlCacheBehavior [ RunTime:0.000378s ]
INFO: [ app_begin ] --END-- [ RunTime:0.000655s ]
SQL: SHOW COLUMNS FROM `zh_product` [ RunTime:0.0045s ]
SQL: SELECT * FROM `zh_product` WHERE ( 1 ) LIMIT 1   [ RunTime:0.0005s ]
NOTIC: [2] Missing argument 5 for Think\Cart::addItem(), called in D:\XAMMP\htdocs\zhao\Application\Home\Controller\CartController.class.php on line 18 and defined D:\XAMMP\htdocs\zhao\ThinkPHP\Library\Think\Cart.class.php 第 20 行.

[ 2015-04-22T20:41:59+08:00 ] ::1 /zhao/Home/Cart/add
INFO: [ app_begin ] --START--
INFO: Run Behavior\ReadHtmlCacheBehavior [ RunTime:0.000498s ]
INFO: [ app_begin ] --END-- [ RunTime:0.000910s ]
SQL: SHOW COLUMNS FROM `zh_product` [ RunTime:0.0108s ]
SQL: SELECT * FROM `zh_product` WHERE ( 1 ) LIMIT 1   [ RunTime:0.0005s ]
NOTIC: [2] Missing argument 5 for Think\Cart::addItem(), called in D:\XAMMP\htdocs\zhao\Application\Home\Controller\CartController.class.php on line 18 and defined D:\XAMMP\htdocs\zhao\ThinkPHP\Library\Think\Cart.class.php 第 20 行.

[ 2015-04-22T20:42:00+08:00 ] ::1 /zhao/Home/Cart/add
INFO: [ app_begin ] --START--
INFO: Run Behavior\ReadHtmlCacheBehavior [ RunTime:0.000625s ]
INFO: [ app_begin ] --END-- [ RunTime:0.001169s ]
SQL: SHOW COLUMNS FROM `zh_product` [ RunTime:0.0098s ]
SQL: SELECT * FROM `zh_product` WHERE ( 1 ) LIMIT 1   [ RunTime:0.0006s ]
NOTIC: [2] Missing argument 5 for Think\Cart::addItem(), called in D:\XAMMP\htdocs\zhao\Application\Home\Controller\CartController.class.php on line 18 and defined D:\XAMMP\htdocs\zhao\ThinkPHP\Library\Think\Cart.class.php 第 20 行.

[ 2015-04-22T20:42:10+08:00 ] ::1 /zhao/Home/Cart/add
INFO: [ app_begin ] --START--
INFO: Run Behavior\ReadHtmlCacheBehavior [ RunTime:0.000525s ]
INFO: [ app_begin ] --END-- [ RunTime:0.000938s ]
SQL: SHOW COLUMNS FROM `zh_product` [ RunTime:0.0106s ]
SQL: SELECT * FROM `zh_product` WHERE ( 1 ) LIMIT 1   [ RunTime:0.0007s ]
NOTIC: [2] Missing argument 5 for Think\Cart::addItem(), called in D:\XAMMP\htdocs\zhao\Application\Home\Controller\CartController.class.php on line 18 and defined D:\XAMMP\htdocs\zhao\ThinkPHP\Library\Think\Cart.class.php 第 20 行.

[ 2015-04-22T20:42:11+08:00 ] ::1 /zhao/Home/Cart/add
INFO: [ app_begin ] --START--
INFO: Run Behavior\ReadHtmlCacheBehavior [ RunTime:0.000581s ]
INFO: [ app_begin ] --END-- [ RunTime:0.001038s ]
SQL: SHOW COLUMNS FROM `zh_product` [ RunTime:0.0089s ]
SQL: SELECT * FROM `zh_product` WHERE ( 1 ) LIMIT 1   [ RunTime:0.0005s ]
NOTIC: [2] Missing argument 5 for Think\Cart::addItem(), called in D:\XAMMP\htdocs\zhao\Application\Home\Controller\CartController.class.php on line 18 and defined D:\XAMMP\htdocs\zhao\ThinkPHP\Library\Think\Cart.class.php 第 20 行.

[ 2015-04-22T20:42:11+08:00 ] ::1 /zhao/Home/Cart/add
INFO: [ app_begin ] --START--
INFO: Run Behavior\ReadHtmlCacheBehavior [ RunTime:0.000402s ]
INFO: [ app_begin ] --END-- [ RunTime:0.000741s ]
SQL: SHOW COLUMNS FROM `zh_product` [ RunTime:0.0047s ]
SQL: SELECT * FROM `zh_product` WHERE ( 1 ) LIMIT 1   [ RunTime:0.0006s ]
NOTIC: [2] Missing argument 5 for Think\Cart::addItem(), called in D:\XAMMP\htdocs\zhao\Application\Home\Controller\CartController.class.php on line 18 and defined D:\XAMMP\htdocs\zhao\ThinkPHP\Library\Think\Cart.class.php 第 20 行.

[ 2015-04-22T20:42:11+08:00 ] ::1 /zhao/Home/Cart/add
INFO: [ app_begin ] --START--
INFO: Run Behavior\ReadHtmlCacheBehavior [ RunTime:0.000535s ]
INFO: [ app_begin ] --END-- [ RunTime:0.000935s ]
SQL: SHOW COLUMNS FROM `zh_product` [ RunTime:0.0044s ]
SQL: SELECT * FROM `zh_product` WHERE ( 1 ) LIMIT 1   [ RunTime:0.0006s ]
NOTIC: [2] Missing argument 5 for Think\Cart::addItem(), called in D:\XAMMP\htdocs\zhao\Application\Home\Controller\CartController.class.php on line 18 and defined D:\XAMMP\htdocs\zhao\ThinkPHP\Library\Think\Cart.class.php 第 20 行.

[ 2015-04-22T20:43:29+08:00 ] ::1 /zhao/Home/Cart/add
INFO: [ app_begin ] --START--
INFO: Run Behavior\ReadHtmlCacheBehavior [ RunTime:0.000517s ]
INFO: [ app_begin ] --END-- [ RunTime:0.000884s ]
SQL: SHOW COLUMNS FROM `zh_product` [ RunTime:0.0078s ]
SQL: SELECT * FROM `zh_product` WHERE ( 1 ) LIMIT 1   [ RunTime:0.0006s ]
NOTIC: [2] Missing argument 5 for Think\Cart::addItem(), called in D:\XAMMP\htdocs\zhao\Application\Home\Controller\CartController.class.php on line 18 and defined D:\XAMMP\htdocs\zhao\ThinkPHP\Library\Think\Cart.class.php 第 20 行.

[ 2015-04-22T20:43:31+08:00 ] ::1 /zhao/Home/Cart/add
INFO: [ app_begin ] --START--
INFO: Run Behavior\ReadHtmlCacheBehavior [ RunTime:0.000514s ]
INFO: [ app_begin ] --END-- [ RunTime:0.000961s ]
SQL: SHOW COLUMNS FROM `zh_product` [ RunTime:0.0107s ]
SQL: SELECT * FROM `zh_product` WHERE ( 1 ) LIMIT 1   [ RunTime:0.0006s ]
NOTIC: [2] Missing argument 5 for Think\Cart::addItem(), called in D:\XAMMP\htdocs\zhao\Application\Home\Controller\CartController.class.php on line 18 and defined D:\XAMMP\htdocs\zhao\ThinkPHP\Library\Think\Cart.class.php 第 20 行.

[ 2015-04-22T20:43:31+08:00 ] ::1 /zhao/Home/Cart/add
INFO: [ app_begin ] --START--
INFO: Run Behavior\ReadHtmlCacheBehavior [ RunTime:0.000838s ]
INFO: [ app_begin ] --END-- [ RunTime:0.001339s ]
SQL: SHOW COLUMNS FROM `zh_product` [ RunTime:0.0058s ]
SQL: SELECT * FROM `zh_product` WHERE ( 1 ) LIMIT 1   [ RunTime:0.0008s ]
NOTIC: [2] Missing argument 5 for Think\Cart::addItem(), called in D:\XAMMP\htdocs\zhao\Application\Home\Controller\CartController.class.php on line 18 and defined D:\XAMMP\htdocs\zhao\ThinkPHP\Library\Think\Cart.class.php 第 20 行.

[ 2015-04-22T20:43:31+08:00 ] ::1 /zhao/Home/Cart/add
INFO: [ app_begin ] --START--
INFO: Run Behavior\ReadHtmlCacheBehavior [ RunTime:0.000567s ]
INFO: [ app_begin ] --END-- [ RunTime:0.001027s ]
SQL: SHOW COLUMNS FROM `zh_product` [ RunTime:0.0063s ]
SQL: SELECT * FROM `zh_product` WHERE ( 1 ) LIMIT 1   [ RunTime:0.0007s ]
NOTIC: [2] Missing argument 5 for Think\Cart::addItem(), called in D:\XAMMP\htdocs\zhao\Application\Home\Controller\CartController.class.php on line 18 and defined D:\XAMMP\htdocs\zhao\ThinkPHP\Library\Think\Cart.class.php 第 20 行.

[ 2015-04-22T20:43:31+08:00 ] ::1 /zhao/Home/Cart/add
INFO: [ app_begin ] --START--
INFO: Run Behavior\ReadHtmlCacheBehavior [ RunTime:0.000461s ]
INFO: [ app_begin ] --END-- [ RunTime:0.000834s ]
SQL: SHOW COLUMNS FROM `zh_product` [ RunTime:0.0063s ]
SQL: SELECT * FROM `zh_product` WHERE ( 1 ) LIMIT 1   [ RunTime:0.0005s ]
NOTIC: [2] Missing argument 5 for Think\Cart::addItem(), called in D:\XAMMP\htdocs\zhao\Application\Home\Controller\CartController.class.php on line 18 and defined D:\XAMMP\htdocs\zhao\ThinkPHP\Library\Think\Cart.class.php 第 20 行.

[ 2015-04-22T20:43:33+08:00 ] ::1 /zhao/Home/Cart/add
INFO: [ app_begin ] --START--
INFO: Run Behavior\ReadHtmlCacheBehavior [ RunTime:0.000580s ]
INFO: [ app_begin ] --END-- [ RunTime:0.001017s ]
SQL: SHOW COLUMNS FROM `zh_product` [ RunTime:0.0107s ]
SQL: SELECT * FROM `zh_product` WHERE ( 1 ) LIMIT 1   [ RunTime:0.0007s ]
NOTIC: [2] Missing argument 5 for Think\Cart::addItem(), called in D:\XAMMP\htdocs\zhao\Application\Home\Controller\CartController.class.php on line 18 and defined D:\XAMMP\htdocs\zhao\ThinkPHP\Library\Think\Cart.class.php 第 20 行.

[ 2015-04-22T20:43:33+08:00 ] ::1 /zhao/Home/Cart/add
INFO: [ app_begin ] --START--
INFO: Run Behavior\ReadHtmlCacheBehavior [ RunTime:0.000411s ]
INFO: [ app_begin ] --END-- [ RunTime:0.000717s ]
SQL: SHOW COLUMNS FROM `zh_product` [ RunTime:0.0042s ]
SQL: SELECT * FROM `zh_product` WHERE ( 1 ) LIMIT 1   [ RunTime:0.0005s ]
NOTIC: [2] Missing argument 5 for Think\Cart::addItem(), called in D:\XAMMP\htdocs\zhao\Application\Home\Controller\CartController.class.php on line 18 and defined D:\XAMMP\htdocs\zhao\ThinkPHP\Library\Think\Cart.class.php 第 20 行.

[ 2015-04-22T20:47:23+08:00 ] ::1 /zhao/Home/Cart/add
INFO: [ app_begin ] --START--
INFO: Run Behavior\ReadHtmlCacheBehavior [ RunTime:0.000530s ]
INFO: [ app_begin ] --END-- [ RunTime:0.000877s ]
SQL: SHOW COLUMNS FROM `zh_product` [ RunTime:0.0090s ]
SQL: SELECT * FROM `zh_product` WHERE ( 1 ) LIMIT 1   [ RunTime:0.0006s ]
NOTIC: [2] Missing argument 5 for Think\Cart::addItem(), called in D:\XAMMP\htdocs\zhao\Application\Home\Controller\CartController.class.php on line 18 and defined D:\XAMMP\htdocs\zhao\ThinkPHP\Library\Think\Cart.class.php 第 20 行.

[ 2015-04-22T20:47:24+08:00 ] ::1 /zhao/Home/Cart/add
INFO: [ app_begin ] --START--
INFO: Run Behavior\ReadHtmlCacheBehavior [ RunTime:0.000378s ]
INFO: [ app_begin ] --END-- [ RunTime:0.000661s ]
SQL: SHOW COLUMNS FROM `zh_product` [ RunTime:0.0075s ]
SQL: SELECT * FROM `zh_product` WHERE ( 1 ) LIMIT 1   [ RunTime:0.0005s ]
NOTIC: [2] Missing argument 5 for Think\Cart::addItem(), called in D:\XAMMP\htdocs\zhao\Application\Home\Controller\CartController.class.php on line 18 and defined D:\XAMMP\htdocs\zhao\ThinkPHP\Library\Think\Cart.class.php 第 20 行.

[ 2015-04-22T20:54:59+08:00 ] ::1 /zhao/Home/Home/Cart/add
INFO: [ app_begin ] --START--
INFO: Run Behavior\ReadHtmlCacheBehavior [ RunTime:0.000426s ]
INFO: [ app_begin ] --END-- [ RunTime:0.000791s ]
ERR: 无法加载控制器:Home

[ 2015-04-22T20:56:46+08:00 ] ::1 /zhao/Home/Cart/add.html
INFO: [ app_begin ] --START--
INFO: Run Behavior\ReadHtmlCacheBehavior [ RunTime:0.000403s ]
INFO: [ app_begin ] --END-- [ RunTime:0.000706s ]
SQL: SHOW COLUMNS FROM `zh_product` [ RunTime:0.0117s ]
SQL: SELECT * FROM `zh_product` WHERE ( 1 ) LIMIT 1   [ RunTime:0.0006s ]
NOTIC: [2] Missing argument 5 for Think\Cart::addItem(), called in D:\XAMMP\htdocs\zhao\Application\Home\Controller\CartController.class.php on line 18 and defined D:\XAMMP\htdocs\zhao\ThinkPHP\Library\Think\Cart.class.php 第 20 行.
NOTIC: [8] Undefined variable: img D:\XAMMP\htdocs\zhao\ThinkPHP\Library\Think\Cart.class.php 第 31 行.

[ 2015-04-22T20:57:17+08:00 ] ::1 /zhao/Home/Cart/add.html
INFO: [ app_begin ] --START--
INFO: Run Behavior\ReadHtmlCacheBehavior [ RunTime:0.000714s ]
INFO: [ app_begin ] --END-- [ RunTime:0.001163s ]
SQL: SHOW COLUMNS FROM `zh_product` [ RunTime:0.0104s ]
SQL: SELECT * FROM `zh_product` WHERE ( 1 ) LIMIT 1   [ RunTime:0.0009s ]
NOTIC: [2] Missing argument 5 for Think\Cart::addItem(), called in D:\XAMMP\htdocs\zhao\Application\Home\Controller\CartController.class.php on line 18 and defined D:\XAMMP\htdocs\zhao\ThinkPHP\Library\Think\Cart.class.php 第 20 行.

[ 2015-04-22T21:08:30+08:00 ] ::1 /zhao/Home/Cart/add.html
INFO: [ app_begin ] --START--
INFO: Run Behavior\ReadHtmlCacheBehavior [ RunTime:0.000677s ]
INFO: [ app_begin ] --END-- [ RunTime:0.001093s ]
SQL: SHOW COLUMNS FROM `zh_product` [ RunTime:0.0086s ]
SQL: SELECT * FROM `zh_product` WHERE ( 1 ) LIMIT 1   [ RunTime:0.0008s ]
NOTIC: [2] Missing argument 5 for Think\Cart::addItem(), called in D:\XAMMP\htdocs\zhao\Application\Home\Controller\CartController.class.php on line 18 and defined D:\XAMMP\htdocs\zhao\ThinkPHP\Library\Think\Cart.class.php 第 20 行.

[ 2015-04-22T21:13:05+08:00 ] ::1 /zhao/Home/Cart/add.html
INFO: [ app_begin ] --START--
INFO: Run Behavior\ReadHtmlCacheBehavior [ RunTime:0.000678s ]
INFO: [ app_begin ] --END-- [ RunTime:0.001090s ]
SQL: SHOW COLUMNS FROM `zh_product` [ RunTime:0.0099s ]
SQL: SELECT * FROM `zh_product` WHERE ( 1 ) LIMIT 1   [ RunTime:0.0006s ]
NOTIC: [2] Missing argument 5 for Think\Cart::addItem(), called in D:\XAMMP\htdocs\zhao\Application\Home\Controller\CartController.class.php on line 18 and defined D:\XAMMP\htdocs\zhao\ThinkPHP\Library\Think\Cart.class.php 第 20 行.

[ 2015-04-22T21:13:39+08:00 ] ::1 /zhao/Home/Cart/add.html
INFO: [ app_begin ] --START--
INFO: Run Behavior\ReadHtmlCacheBehavior [ RunTime:0.000422s ]
INFO: [ app_begin ] --END-- [ RunTime:0.000740s ]
SQL: SHOW COLUMNS FROM `zh_product` [ RunTime:0.0089s ]
SQL: SELECT * FROM `zh_product` WHERE ( 1 ) LIMIT 1   [ RunTime:0.0008s ]
NOTIC: [2] Missing argument 5 for Think\Cart::addItem(), called in D:\XAMMP\htdocs\zhao\Application\Home\Controller\CartController.class.php on line 18 and defined D:\XAMMP\htdocs\zhao\ThinkPHP\Library\Think\Cart.class.php 第 20 行.

[ 2015-04-22T21:14:50+08:00 ] ::1 /zhao/Home/Cart/add.html
INFO: [ app_begin ] --START--
INFO: Run Behavior\ReadHtmlCacheBehavior [ RunTime:0.000788s ]
INFO: [ app_begin ] --END-- [ RunTime:0.001611s ]
SQL: SHOW COLUMNS FROM `zh_product` [ RunTime:0.0098s ]
SQL: SELECT * FROM `zh_product` WHERE ( 1 ) LIMIT 1   [ RunTime:0.0005s ]
NOTIC: [2] Missing argument 5 for Think\Cart::addItem(), called in D:\XAMMP\htdocs\zhao\Application\Home\Controller\CartController.class.php on line 18 and defined D:\XAMMP\htdocs\zhao\ThinkPHP\Library\Think\Cart.class.php 第 20 行.

[ 2015-04-22T21:52:37+08:00 ] ::1 /zhao/Home/Cart/add.html
INFO: [ app_begin ] --START--
INFO: Run Behavior\ReadHtmlCacheBehavior [ RunTime:0.000643s ]
INFO: [ app_begin ] --END-- [ RunTime:0.001007s ]
SQL: SHOW COLUMNS FROM `zh_product` [ RunTime:0.0104s ]
SQL: SELECT * FROM `zh_product` WHERE ( 1 ) LIMIT 1   [ RunTime:0.0005s ]
NOTIC: [2] Missing argument 5 for Think\Cart::addItem(), called in D:\XAMMP\htdocs\zhao\Application\Home\Controller\CartController.class.php on line 18 and defined D:\XAMMP\htdocs\zhao\ThinkPHP\Library\Think\Cart.class.php 第 20 行.

[ 2015-04-22T22:16:37+08:00 ] ::1 /zhao/Home/Cart/add.html
INFO: [ app_begin ] --START--
INFO: Run Behavior\ReadHtmlCacheBehavior [ RunTime:0.000830s ]
INFO: [ app_begin ] --END-- [ RunTime:0.001386s ]
SQL: SHOW COLUMNS FROM `zh_product` [ RunTime:0.0102s ]
SQL: SELECT * FROM `zh_product` WHERE ( 1 ) LIMIT 1   [ RunTime:0.0008s ]
NOTIC: [2] Missing argument 5 for Think\Cart::addItem(), called in D:\XAMMP\htdocs\zhao\Application\Home\Controller\CartController.class.php on line 18 and defined D:\XAMMP\htdocs\zhao\ThinkPHP\Library\Think\Cart.class.php 第 20 行.

[ 2015-04-22T22:18:19+08:00 ] ::1 /zhao/Home/Cart/add.html
INFO: [ app_begin ] --START--
INFO: Run Behavior\ReadHtmlCacheBehavior [ RunTime:0.000476s ]
INFO: [ app_begin ] --END-- [ RunTime:0.000819s ]
SQL: SHOW COLUMNS FROM `zh_product` [ RunTime:0.0081s ]
SQL: SELECT * FROM `zh_product` WHERE ( 1 ) LIMIT 1   [ RunTime:0.0008s ]
NOTIC: [2] Missing argument 5 for Think\Cart::addItem(), called in D:\XAMMP\htdocs\zhao\Application\Home\Controller\CartController.class.php on line 18 and defined D:\XAMMP\htdocs\zhao\ThinkPHP\Library\Think\Cart.class.php 第 20 行.

[ 2015-04-22T22:33:05+08:00 ] ::1 /zhao/Home/Cart/add.html
INFO: [ app_begin ] --START--
INFO: Run Behavior\ReadHtmlCacheBehavior [ RunTime:0.000933s ]
INFO: [ app_begin ] --END-- [ RunTime:0.001546s ]
SQL: SHOW COLUMNS FROM `zh_product` [ RunTime:0.0740s ]
SQL: SELECT * FROM `zh_product` WHERE ( 1 ) LIMIT 1   [ RunTime:0.0005s ]
NOTIC: [2] Missing argument 5 for Think\Cart::addItem(), called in D:\XAMMP\htdocs\zhao\Application\Home\Controller\CartController.class.php on line 18 and defined D:\XAMMP\htdocs\zhao\ThinkPHP\Library\Think\Cart.class.php 第 20 行.

[ 2015-04-22T22:41:21+08:00 ] ::1 /zhao/Home/Cart/add.html
INFO: [ app_begin ] --START--
INFO: Run Behavior\ReadHtmlCacheBehavior [ RunTime:0.000638s ]
INFO: [ app_begin ] --END-- [ RunTime:0.001206s ]

[ 2015-04-22T22:44:21+08:00 ] ::1 /zhao/Home/Cart/add.html
INFO: [ app_begin ] --START--
INFO: Run Behavior\ReadHtmlCacheBehavior [ RunTime:0.000546s ]
INFO: [ app_begin ] --END-- [ RunTime:0.000924s ]

[ 2015-04-22T22:44:24+08:00 ] ::1 /zhao/Home/Cart/add.html
INFO: [ app_begin ] --START--
INFO: Run Behavior\ReadHtmlCacheBehavior [ RunTime:0.000532s ]
INFO: [ app_begin ] --END-- [ RunTime:0.000908s ]

[ 2015-04-22T22:44:25+08:00 ] ::1 /zhao/Home/Cart/add.html
INFO: [ app_begin ] --START--
INFO: Run Behavior\ReadHtmlCacheBehavior [ RunTime:0.000508s ]
INFO: [ app_begin ] --END-- [ RunTime:0.000901s ]

[ 2015-04-22T22:44:25+08:00 ] ::1 /zhao/Home/Cart/add.html
INFO: [ app_begin ] --START--
INFO: Run Behavior\ReadHtmlCacheBehavior [ RunTime:0.000528s ]
INFO: [ app_begin ] --END-- [ RunTime:0.000958s ]

[ 2015-04-22T22:44:25+08:00 ] ::1 /zhao/Home/Cart/add.html
INFO: [ app_begin ] --START--
INFO: Run Behavior\ReadHtmlCacheBehavior [ RunTime:0.000471s ]
INFO: [ app_begin ] --END-- [ RunTime:0.000846s ]

[ 2015-04-22T22:44:25+08:00 ] ::1 /zhao/Home/Cart/add.html
INFO: [ app_begin ] --START--
INFO: Run Behavior\ReadHtmlCacheBehavior [ RunTime:0.000532s ]
INFO: [ app_begin ] --END-- [ RunTime:0.001025s ]

[ 2015-04-22T22:44:25+08:00 ] ::1 /zhao/Home/Cart/add.html
INFO: [ app_begin ] --START--
INFO: Run Behavior\ReadHtmlCacheBehavior [ RunTime:0.000514s ]
INFO: [ app_begin ] --END-- [ RunTime:0.000900s ]

[ 2015-04-22T22:45:35+08:00 ] ::1 /zhao/Home/Cart/add.html
INFO: [ app_begin ] --START--
INFO: Run Behavior\ReadHtmlCacheBehavior [ RunTime:0.000440s ]
INFO: [ app_begin ] --END-- [ RunTime:0.000744s ]
SQL: SHOW COLUMNS FROM `zh_product` [ RunTime:0.0097s ]
SQL: SELECT * FROM `zh_product` WHERE ( 1 ) LIMIT 1   [ RunTime:0.0005s ]
NOTIC: [2] Missing argument 5 for Think\Cart::addItem(), called in D:\XAMMP\htdocs\zhao\Application\Home\Controller\CartController.class.php on line 18 and defined D:\XAMMP\htdocs\zhao\ThinkPHP\Library\Think\Cart.class.php 第 20 行.
INFO: [ view_parse ] --START--
INFO: [ template_filter ] --START--
INFO: Run Behavior\ContentReplaceBehavior [ RunTime:0.000088s ]
INFO: [ template_filter ] --END-- [ RunTime:0.000153s ]
NOTIC: [8] Undefined index: is_Login D:\XAMMP\htdocs\zhao\Application\Runtime\Cache\Home\2a94b8bda04ff446dcedd42276fc99ee.php 第 35 行.
NOTIC: [8] Undefined variable: procart D:\XAMMP\htdocs\zhao\Application\Runtime\Cache\Home\2a94b8bda04ff446dcedd42276fc99ee.php 第 53 行.
NOTIC: [8] Undefined variable: pro D:\XAMMP\htdocs\zhao\Application\Runtime\Cache\Home\2a94b8bda04ff446dcedd42276fc99ee.php 第 99 行.
NOTIC: [8] Undefined variable: pro D:\XAMMP\htdocs\zhao\Application\Runtime\Cache\Home\2a94b8bda04ff446dcedd42276fc99ee.php 第 323 行.
INFO: Run Behavior\ParseTemplateBehavior [ RunTime:0.021418s ]
INFO: [ view_parse ] --END-- [ RunTime:0.021511s ]
INFO: [ view_filter ] --START--
INFO: Run Behavior\WriteHtmlCacheBehavior [ RunTime:0.000293s ]
INFO: [ view_filter ] --END-- [ RunTime:0.000341s ]
INFO: [ app_end ] --START--
INFO: Run Behavior\ShowPageTraceBehavior [ RunTime:0.000602s ]
INFO: [ app_end ] --END-- [ RunTime:0.000664s ]

[ 2015-04-22T22:45:39+08:00 ] ::1 /zhao/Home/Cart/add.html
INFO: [ app_begin ] --START--
INFO: Run Behavior\ReadHtmlCacheBehavior [ RunTime:0.000530s ]
INFO: [ app_begin ] --END-- [ RunTime:0.000960s ]
SQL: SHOW COLUMNS FROM `zh_product` [ RunTime:0.0168s ]
SQL: SELECT * FROM `zh_product` WHERE ( 1 ) LIMIT 1   [ RunTime:0.0007s ]
NOTIC: [2] Missing argument 5 for Think\Cart::addItem(), called in D:\XAMMP\htdocs\zhao\Application\Home\Controller\CartController.class.php on line 18 and defined D:\XAMMP\htdocs\zhao\ThinkPHP\Library\Think\Cart.class.php 第 20 行.
INFO: [ view_parse ] --START--
INFO: [ template_filter ] --START--
INFO: Run Behavior\ContentReplaceBehavior [ RunTime:0.000081s ]
INFO: [ template_filter ] --END-- [ RunTime:0.000131s ]
NOTIC: [8] Undefined index: is_Login D:\XAMMP\htdocs\zhao\Application\Runtime\Cache\Home\2a94b8bda04ff446dcedd42276fc99ee.php 第 35 行.
NOTIC: [8] Undefined variable: procart D:\XAMMP\htdocs\zhao\Application\Runtime\Cache\Home\2a94b8bda04ff446dcedd42276fc99ee.php 第 53 行.
NOTIC: [8] Undefined variable: pro D:\XAMMP\htdocs\zhao\Application\Runtime\Cache\Home\2a94b8bda04ff446dcedd42276fc99ee.php 第 99 行.
NOTIC: [8] Undefined variable: pro D:\XAMMP\htdocs\zhao\Application\Runtime\Cache\Home\2a94b8bda04ff446dcedd42276fc99ee.php 第 323 行.
INFO: Run Behavior\ParseTemplateBehavior [ RunTime:0.023198s ]
INFO: [ view_parse ] --END-- [ RunTime:0.023247s ]
INFO: [ view_filter ] --START--
INFO: Run Behavior\WriteHtmlCacheBehavior [ RunTime:0.000254s ]
INFO: [ view_filter ] --END-- [ RunTime:0.000290s ]
INFO: [ app_end ] --START--
INFO: Run Behavior\ShowPageTraceBehavior [ RunTime:0.000387s ]
INFO: [ app_end ] --END-- [ RunTime:0.000430s ]

