[ 2015-04-27T14:49:39+08:00 ] ::1 /zhao/Home/User/chk.html
INFO: [ app_begin ] --START--
INFO: Run Behavior\ReadHtmlCacheBehavior [ RunTime:0.000720s ]
INFO: [ app_begin ] --END-- [ RunTime:0.001490s ]
SQL: SHOW COLUMNS FROM `zh_user` [ RunTime:0.0138s ]
SQL: SELECT * FROM `zh_user` WHERE ( email = '18238827991' or mobile = '18238827991' ) LIMIT 1   [ RunTime:0.0008s ]

[ 2015-04-27T14:49:46+08:00 ] ::1 /zhao/Home/User/chk.html
INFO: [ app_begin ] --START--
INFO: Run Behavior\ReadHtmlCacheBehavior [ RunTime:0.000416s ]
INFO: [ app_begin ] --END-- [ RunTime:0.000798s ]
SQL: SHOW COLUMNS FROM `zh_user` [ RunTime:0.0160s ]
SQL: SELECT * FROM `zh_user` WHERE ( email = '18238827991' or mobile = '18238827991' ) LIMIT 1   [ RunTime:0.0007s ]

[ 2015-04-27T14:51:09+08:00 ] ::1 /zhao/Home/User/chk.html
INFO: [ app_begin ] --START--
INFO: Run Behavior\ReadHtmlCacheBehavior [ RunTime:0.000855s ]
INFO: [ app_begin ] --END-- [ RunTime:0.001531s ]
SQL: SHOW COLUMNS FROM `zh_user` [ RunTime:0.0117s ]
SQL: SELECT * FROM `zh_user` WHERE ( email = '18238827991' or mobile = '18238827991' ) LIMIT 1   [ RunTime:0.0006s ]

[ 2015-04-27T14:51:23+08:00 ] ::1 /zhao/Home/User/test.html
INFO: [ app_begin ] --START--
INFO: Run Behavior\ReadHtmlCacheBehavior [ RunTime:0.000471s ]
INFO: [ app_begin ] --END-- [ RunTime:0.000860s ]
INFO: [ app_end ] --START--
INFO: Run Behavior\ShowPageTraceBehavior [ RunTime:0.001779s ]
INFO: [ app_end ] --END-- [ RunTime:0.001979s ]

[ 2015-04-27T15:30:57+08:00 ] ::1 /zhao/Home/User/chk.html
INFO: [ app_begin ] --START--
INFO: Run Behavior\ReadHtmlCacheBehavior [ RunTime:0.000441s ]
INFO: [ app_begin ] --END-- [ RunTime:0.000815s ]
SQL: SHOW COLUMNS FROM `zh_user` [ RunTime:0.0827s ]
SQL: SELECT * FROM `zh_user` WHERE ( email = '15538811945' or mobile = '15538811945' ) LIMIT 1   [ RunTime:0.0008s ]

[ 2015-04-27T15:31:01+08:00 ] ::1 /zhao/Home/User/chk.html
INFO: [ app_begin ] --START--
INFO: Run Behavior\ReadHtmlCacheBehavior [ RunTime:0.000644s ]
INFO: [ app_begin ] --END-- [ RunTime:0.001074s ]
SQL: SHOW COLUMNS FROM `zh_user` [ RunTime:0.0862s ]
SQL: SELECT * FROM `zh_user` WHERE ( email = '15538811945' or mobile = '15538811945' ) LIMIT 1   [ RunTime:0.0016s ]

[ 2015-04-27T15:31:03+08:00 ] ::1 /zhao/Home/User/chk.html
INFO: [ app_begin ] --START--
INFO: Run Behavior\ReadHtmlCacheBehavior [ RunTime:0.000706s ]
INFO: [ app_begin ] --END-- [ RunTime:0.001256s ]
SQL: SHOW COLUMNS FROM `zh_user` [ RunTime:0.0270s ]
SQL: SELECT * FROM `zh_user` WHERE ( email = '15538811945' or mobile = '15538811945' ) LIMIT 1   [ RunTime:0.0007s ]

[ 2015-04-27T15:31:42+08:00 ] ::1 /zhao/Home/User/chk.html
INFO: [ app_begin ] --START--
INFO: Run Behavior\ReadHtmlCacheBehavior [ RunTime:0.000483s ]
INFO: [ app_begin ] --END-- [ RunTime:0.000978s ]
SQL: SHOW COLUMNS FROM `zh_user` [ RunTime:0.0120s ]
SQL: SELECT * FROM `zh_user` WHERE ( email = 'web_zhaobei@163.com' or mobile = 'web_zhaobei@163.com' ) LIMIT 1   [ RunTime:0.0009s ]

[ 2015-04-27T15:42:51+08:00 ] ::1 /zhao/Home/User/check_verify.html
INFO: [ app_begin ] --START--
INFO: Run Behavior\ReadHtmlCacheBehavior [ RunTime:0.001148s ]
INFO: [ app_begin ] --END-- [ RunTime:0.001992s ]

[ 2015-04-27T15:42:53+08:00 ] ::1 /zhao/Home/User/check_verify.html
INFO: [ app_begin ] --START--
INFO: Run Behavior\ReadHtmlCacheBehavior [ RunTime:0.001327s ]
INFO: [ app_begin ] --END-- [ RunTime:0.001965s ]

[ 2015-04-27T15:42:54+08:00 ] ::1 /zhao/Home/User/check_verify.html
INFO: [ app_begin ] --START--
INFO: Run Behavior\ReadHtmlCacheBehavior [ RunTime:0.001440s ]
INFO: [ app_begin ] --END-- [ RunTime:0.001999s ]

[ 2015-04-27T15:42:55+08:00 ] ::1 /zhao/Home/User/check_verify.html
INFO: [ app_begin ] --START--
INFO: Run Behavior\ReadHtmlCacheBehavior [ RunTime:0.001034s ]
INFO: [ app_begin ] --END-- [ RunTime:0.001593s ]

[ 2015-04-27T15:42:56+08:00 ] ::1 /zhao/Home/User/check_verify.html
INFO: [ app_begin ] --START--
INFO: Run Behavior\ReadHtmlCacheBehavior [ RunTime:0.001015s ]
INFO: [ app_begin ] --END-- [ RunTime:0.001549s ]

[ 2015-04-27T15:42:57+08:00 ] ::1 /zhao/Home/User/check_verify.html
INFO: [ app_begin ] --START--
INFO: Run Behavior\ReadHtmlCacheBehavior [ RunTime:0.000779s ]
INFO: [ app_begin ] --END-- [ RunTime:0.001180s ]

[ 2015-04-27T15:42:58+08:00 ] ::1 /zhao/Home/User/check_verify.html
INFO: [ app_begin ] --START--
INFO: Run Behavior\ReadHtmlCacheBehavior [ RunTime:0.001406s ]
INFO: [ app_begin ] --END-- [ RunTime:0.002007s ]

[ 2015-04-27T15:42:59+08:00 ] ::1 /zhao/Home/User/check_verify.html
INFO: [ app_begin ] --START--
INFO: Run Behavior\ReadHtmlCacheBehavior [ RunTime:0.000758s ]
INFO: [ app_begin ] --END-- [ RunTime:0.001177s ]

[ 2015-04-27T15:44:24+08:00 ] ::1 /zhao/Home/User/check_verify.html
INFO: [ app_begin ] --START--
INFO: Run Behavior\ReadHtmlCacheBehavior [ RunTime:0.000512s ]
INFO: [ app_begin ] --END-- [ RunTime:0.000909s ]

[ 2015-04-27T15:44:25+08:00 ] ::1 /zhao/Home/User/check_verify.html
INFO: [ app_begin ] --START--
INFO: Run Behavior\ReadHtmlCacheBehavior [ RunTime:0.000555s ]
INFO: [ app_begin ] --END-- [ RunTime:0.001029s ]

[ 2015-04-27T15:44:27+08:00 ] ::1 /zhao/Home/User/check_verify.html
INFO: [ app_begin ] --START--
INFO: Run Behavior\ReadHtmlCacheBehavior [ RunTime:0.000858s ]
INFO: [ app_begin ] --END-- [ RunTime:0.001574s ]

[ 2015-04-27T15:44:28+08:00 ] ::1 /zhao/Home/User/check_verify.html
INFO: [ app_begin ] --START--
INFO: Run Behavior\ReadHtmlCacheBehavior [ RunTime:0.000562s ]
INFO: [ app_begin ] --END-- [ RunTime:0.001084s ]

[ 2015-04-27T15:44:30+08:00 ] ::1 /zhao/Home/User/check_verify.html
INFO: [ app_begin ] --START--
INFO: Run Behavior\ReadHtmlCacheBehavior [ RunTime:0.000547s ]
INFO: [ app_begin ] --END-- [ RunTime:0.001090s ]

[ 2015-04-27T15:44:31+08:00 ] ::1 /zhao/Home/User/check_verify.html
INFO: [ app_begin ] --START--
INFO: Run Behavior\ReadHtmlCacheBehavior [ RunTime:0.000680s ]
INFO: [ app_begin ] --END-- [ RunTime:0.001230s ]

[ 2015-04-27T15:44:31+08:00 ] ::1 /zhao/Home/User/check_verify.html
INFO: [ app_begin ] --START--
INFO: Run Behavior\ReadHtmlCacheBehavior [ RunTime:0.000565s ]
INFO: [ app_begin ] --END-- [ RunTime:0.001175s ]

[ 2015-04-27T15:44:32+08:00 ] ::1 /zhao/Home/User/check_verify.html
INFO: [ app_begin ] --START--
INFO: Run Behavior\ReadHtmlCacheBehavior [ RunTime:0.000560s ]
INFO: [ app_begin ] --END-- [ RunTime:0.001055s ]

[ 2015-04-27T15:44:33+08:00 ] ::1 /zhao/Home/User/check_verify.html
INFO: [ app_begin ] --START--
INFO: Run Behavior\ReadHtmlCacheBehavior [ RunTime:0.000552s ]
INFO: [ app_begin ] --END-- [ RunTime:0.001021s ]

[ 2015-04-27T15:44:34+08:00 ] ::1 /zhao/Home/User/check_verify.html
INFO: [ app_begin ] --START--
INFO: Run Behavior\ReadHtmlCacheBehavior [ RunTime:0.000664s ]
INFO: [ app_begin ] --END-- [ RunTime:0.001507s ]

[ 2015-04-27T15:44:35+08:00 ] ::1 /zhao/Home/User/check_verify.html
INFO: [ app_begin ] --START--
INFO: Run Behavior\ReadHtmlCacheBehavior [ RunTime:0.000952s ]
INFO: [ app_begin ] --END-- [ RunTime:0.001671s ]

[ 2015-04-27T15:44:36+08:00 ] ::1 /zhao/Home/User/check_verify.html
INFO: [ app_begin ] --START--
INFO: Run Behavior\ReadHtmlCacheBehavior [ RunTime:0.000591s ]
INFO: [ app_begin ] --END-- [ RunTime:0.001072s ]

[ 2015-04-27T15:44:37+08:00 ] ::1 /zhao/Home/User/check_verify.html
INFO: [ app_begin ] --START--
INFO: Run Behavior\ReadHtmlCacheBehavior [ RunTime:0.000425s ]
INFO: [ app_begin ] --END-- [ RunTime:0.000793s ]

[ 2015-04-27T15:55:18+08:00 ] ::1 /zhao/Home/User/chk.html
INFO: [ app_begin ] --START--
INFO: Run Behavior\ReadHtmlCacheBehavior [ RunTime:0.000592s ]
INFO: [ app_begin ] --END-- [ RunTime:0.002136s ]
SQL: SHOW COLUMNS FROM `zh_user` [ RunTime:0.0145s ]
SQL: SELECT * FROM `zh_user` WHERE ( email = 'zb18238827991@163.com' or mobile = 'zb18238827991@163.com' ) LIMIT 1   [ RunTime:0.0009s ]

[ 2015-04-27T15:58:34+08:00 ] ::1 /zhao/Home/User/chk.html
INFO: [ app_begin ] --START--
INFO: Run Behavior\ReadHtmlCacheBehavior [ RunTime:0.000948s ]
INFO: [ app_begin ] --END-- [ RunTime:0.001647s ]
SQL: SHOW COLUMNS FROM `zh_user` [ RunTime:0.0114s ]
SQL: SELECT * FROM `zh_user` WHERE ( email = 'zb18238827991@163.com' or mobile = 'zb18238827991@163.com' ) LIMIT 1   [ RunTime:0.0008s ]

[ 2015-04-27T16:26:40+08:00 ] ::1 /zhao/Home/User/assets/css/amazeui.css
ERR: 非法操作:assets

[ 2015-04-27T16:26:41+08:00 ] ::1 /zhao/Home/User/assets/js/jquery.min.js
ERR: 非法操作:assets

[ 2015-04-27T16:26:41+08:00 ] ::1 /zhao/Home/User/assets/js/amazeui.min.js
ERR: 非法操作:assets

[ 2015-04-27T16:26:41+08:00 ] ::1 /zhao/Home/User/assets/js/handlebars.min.js
ERR: 非法操作:assets

[ 2015-04-27T16:26:41+08:00 ] ::1 /zhao/Home/User/assets/js/amazeui.min.js
ERR: 非法操作:assets

[ 2015-04-27T16:27:48+08:00 ] ::1 /zhao/Home/User/assets/js/handlebars.min.js
ERR: 非法操作:assets

[ 2015-04-27T16:27:48+08:00 ] ::1 /zhao/Home/User/assets/js/amazeui.min.js
ERR: 非法操作:assets

[ 2015-04-27T16:27:48+08:00 ] ::1 /zhao/Home/User/assets/css/amazeui.css
ERR: 非法操作:assets

[ 2015-04-27T16:27:48+08:00 ] ::1 /zhao/Home/User/assets/js/jquery.min.js
ERR: 非法操作:assets

[ 2015-04-27T16:27:48+08:00 ] ::1 /zhao/Home/User/assets/js/handlebars.min.js
ERR: 非法操作:assets

[ 2015-04-27T16:27:48+08:00 ] ::1 /zhao/Home/User/assets/js/amazeui.min.js
ERR: 非法操作:assets

[ 2015-04-27T16:31:03+08:00 ] ::1 /zhao/Home/User/agree.html%20target=
ERR: 非法操作:agree.html target=

[ 2015-04-27T16:31:32+08:00 ] ::1 /zhao/Home/User/agree.html%20target=
ERR: 非法操作:agree.html target=

[ 2015-04-27T16:31:33+08:00 ] ::1 /zhao/Home/User/agree.html%20target=
ERR: 非法操作:agree.html target=

[ 2015-04-27T16:31:33+08:00 ] ::1 /zhao/Home/User/agree.html%20target=
ERR: 非法操作:agree.html target=

[ 2015-04-27T16:31:33+08:00 ] ::1 /zhao/Home/User/agree.html%20target=
ERR: 非法操作:agree.html target=

[ 2015-04-27T16:31:34+08:00 ] ::1 /zhao/Home/User/agree.html%20target=
ERR: 非法操作:agree.html target=

[ 2015-04-27T16:31:34+08:00 ] ::1 /zhao/Home/User/agree.html%20target=
ERR: 非法操作:agree.html target=

[ 2015-04-27T16:31:34+08:00 ] ::1 /zhao/Home/User/agree.html%20target=
ERR: 非法操作:agree.html target=

[ 2015-04-27T16:31:34+08:00 ] ::1 /zhao/Home/User/agree.html%20target=
ERR: 非法操作:agree.html target=

[ 2015-04-27T16:31:35+08:00 ] ::1 /zhao/Home/User/agree.html%20target=
ERR: 非法操作:agree.html target=

[ 2015-04-27T16:31:35+08:00 ] ::1 /zhao/Home/User/agree.html%20target=
ERR: 非法操作:agree.html target=

[ 2015-04-27T16:31:35+08:00 ] ::1 /zhao/Home/User/agree.html%20target=
ERR: 非法操作:agree.html target=

[ 2015-04-27T16:31:44+08:00 ] ::1 /zhao/Home/User/agree.html%20target=
ERR: 非法操作:agree.html target=

[ 2015-04-27T16:31:45+08:00 ] ::1 /zhao/Home/User/agree.html%20target=
ERR: 非法操作:agree.html target=

[ 2015-04-27T16:31:45+08:00 ] ::1 /zhao/Home/User/agree.html%20target=
ERR: 非法操作:agree.html target=

[ 2015-04-27T16:31:45+08:00 ] ::1 /zhao/Home/User/agree.html%20target=
ERR: 非法操作:agree.html target=

[ 2015-04-27T16:31:45+08:00 ] ::1 /zhao/Home/User/agree.html%20target=
ERR: 非法操作:agree.html target=

[ 2015-04-27T16:31:45+08:00 ] ::1 /zhao/Home/User/agree.html%20target=
ERR: 非法操作:agree.html target=

[ 2015-04-27T16:31:45+08:00 ] ::1 /zhao/Home/User/agree.html%20target=
ERR: 非法操作:agree.html target=

[ 2015-04-27T16:31:45+08:00 ] ::1 /zhao/Home/User/agree.html%20target=
ERR: 非法操作:agree.html target=

[ 2015-04-27T16:31:45+08:00 ] ::1 /zhao/Home/User/agree.html%20target=
ERR: 非法操作:agree.html target=

[ 2015-04-27T16:31:45+08:00 ] ::1 /zhao/Home/User/agree.html%20target=
ERR: 非法操作:agree.html target=

[ 2015-04-27T16:31:45+08:00 ] ::1 /zhao/Home/User/agree.html%20target=
ERR: 非法操作:agree.html target=

[ 2015-04-27T16:31:45+08:00 ] ::1 /zhao/Home/User/agree.html%20target=
ERR: 非法操作:agree.html target=

[ 2015-04-27T16:31:45+08:00 ] ::1 /zhao/Home/User/agree.html%20target=
ERR: 非法操作:agree.html target=

[ 2015-04-27T16:31:45+08:00 ] ::1 /zhao/Home/User/agree.html%20target=
ERR: 非法操作:agree.html target=

[ 2015-04-27T16:31:45+08:00 ] ::1 /zhao/Home/User/agree.html%20target=
ERR: 非法操作:agree.html target=

[ 2015-04-27T16:31:45+08:00 ] ::1 /zhao/Home/User/agree.html%20target=
ERR: 非法操作:agree.html target=

[ 2015-04-27T16:31:45+08:00 ] ::1 /zhao/Home/User/agree.html%20target=
ERR: 非法操作:agree.html target=

[ 2015-04-27T16:31:46+08:00 ] ::1 /zhao/Home/User/agree.html%20target=
ERR: 非法操作:agree.html target=

[ 2015-04-27T16:54:19+08:00 ] ::1 /zhao/Home/User/chk.html
INFO: [ app_begin ] --START--
INFO: Run Behavior\ReadHtmlCacheBehavior [ RunTime:0.001032s ]
INFO: [ app_begin ] --END-- [ RunTime:0.001825s ]
SQL: SHOW COLUMNS FROM `zh_user` [ RunTime:0.1466s ]
SQL: SELECT * FROM `zh_user` WHERE ( email = '15538811945' or mobile = '15538811945' ) LIMIT 1   [ RunTime:0.0805s ]

[ 2015-04-27T16:54:23+08:00 ] ::1 /zhao/Home/User/chk.html
INFO: [ app_begin ] --START--
INFO: Run Behavior\ReadHtmlCacheBehavior [ RunTime:0.000997s ]
INFO: [ app_begin ] --END-- [ RunTime:0.001710s ]
SQL: SHOW COLUMNS FROM `zh_user` [ RunTime:0.0628s ]
SQL: SELECT * FROM `zh_user` WHERE ( email = '18238827991' or mobile = '18238827991' ) LIMIT 1   [ RunTime:0.0009s ]

[ 2015-04-27T16:54:49+08:00 ] ::1 /zhao/Home/User/chk.html
INFO: [ app_begin ] --START--
INFO: Run Behavior\ReadHtmlCacheBehavior [ RunTime:0.000710s ]
INFO: [ app_begin ] --END-- [ RunTime:0.001399s ]
SQL: SHOW COLUMNS FROM `zh_user` [ RunTime:0.0749s ]
SQL: SELECT * FROM `zh_user` WHERE ( email = '18238827991' or mobile = '18238827991' ) LIMIT 1   [ RunTime:0.0009s ]

[ 2015-04-27T16:56:55+08:00 ] ::1 /zhao/Home/User/chk.html
INFO: [ app_begin ] --START--
INFO: Run Behavior\ReadHtmlCacheBehavior [ RunTime:0.000608s ]
INFO: [ app_begin ] --END-- [ RunTime:0.001083s ]
SQL: SHOW COLUMNS FROM `zh_user` [ RunTime:0.0119s ]
SQL: SELECT * FROM `zh_user` WHERE ( email = '18238827991' or mobile = '18238827991' ) LIMIT 1   [ RunTime:0.0010s ]

[ 2015-04-27T16:57:02+08:00 ] ::1 /zhao/Home/User/chk.html
INFO: [ app_begin ] --START--
INFO: Run Behavior\ReadHtmlCacheBehavior [ RunTime:0.000890s ]
INFO: [ app_begin ] --END-- [ RunTime:0.001413s ]
SQL: SHOW COLUMNS FROM `zh_user` [ RunTime:0.0107s ]
SQL: SELECT * FROM `zh_user` WHERE ( email = '18238827992' or mobile = '18238827992' ) LIMIT 1   [ RunTime:0.0007s ]

[ 2015-04-27T20:15:01+08:00 ] ::1 /zhao/Home/User/chk.html
INFO: [ app_begin ] --START--
INFO: Run Behavior\ReadHtmlCacheBehavior [ RunTime:0.000800s ]
INFO: [ app_begin ] --END-- [ RunTime:0.001434s ]
SQL: SHOW COLUMNS FROM `zh_user` [ RunTime:0.0117s ]
SQL: SELECT * FROM `zh_user` WHERE ( email = 'web_zhaobei@163.com' or mobile = 'web_zhaobei@163.com' ) LIMIT 1   [ RunTime:0.0011s ]

[ 2015-04-27T20:15:03+08:00 ] ::1 /zhao/Home/User/chk.html
INFO: [ app_begin ] --START--
INFO: Run Behavior\ReadHtmlCacheBehavior [ RunTime:0.001050s ]
INFO: [ app_begin ] --END-- [ RunTime:0.001762s ]
SQL: SHOW COLUMNS FROM `zh_user` [ RunTime:0.0126s ]
SQL: SELECT * FROM `zh_user` WHERE ( email = 'web_zhaobei@163.com' or mobile = 'web_zhaobei@163.com' ) LIMIT 1   [ RunTime:0.0007s ]

[ 2015-04-27T20:15:05+08:00 ] ::1 /zhao/Home/User/chk.html
INFO: [ app_begin ] --START--
INFO: Run Behavior\ReadHtmlCacheBehavior [ RunTime:0.000928s ]
INFO: [ app_begin ] --END-- [ RunTime:0.001659s ]
SQL: SHOW COLUMNS FROM `zh_user` [ RunTime:0.0097s ]
SQL: SELECT * FROM `zh_user` WHERE ( email = 'web_zhaobei@163.com' or mobile = 'web_zhaobei@163.com' ) LIMIT 1   [ RunTime:0.0009s ]

[ 2015-04-27T20:15:23+08:00 ] ::1 /zhao/Home/User/chk.html
INFO: [ app_begin ] --START--
INFO: Run Behavior\ReadHtmlCacheBehavior [ RunTime:0.000653s ]
INFO: [ app_begin ] --END-- [ RunTime:0.001137s ]
SQL: SHOW COLUMNS FROM `zh_user` [ RunTime:0.0089s ]
SQL: SELECT * FROM `zh_user` WHERE ( email = '18238827991' or mobile = '18238827991' ) LIMIT 1   [ RunTime:0.0009s ]

[ 2015-04-27T20:26:32+08:00 ] ::1 /zhao/Home/User/chk.html
INFO: [ app_begin ] --START--
INFO: Run Behavior\ReadHtmlCacheBehavior [ RunTime:0.000687s ]
INFO: [ app_begin ] --END-- [ RunTime:0.001199s ]
SQL: SHOW COLUMNS FROM `zh_user` [ RunTime:0.0965s ]
SQL: SELECT * FROM `zh_user` WHERE ( email = '18238827991' or mobile = '18238827991' ) LIMIT 1   [ RunTime:0.0008s ]

[ 2015-04-27T20:30:24+08:00 ] ::1 /zhao/Home/User/chk.html
INFO: [ app_begin ] --START--
INFO: Run Behavior\ReadHtmlCacheBehavior [ RunTime:0.000625s ]
INFO: [ app_begin ] --END-- [ RunTime:0.001039s ]
SQL: SHOW COLUMNS FROM `zh_user` [ RunTime:0.0144s ]
SQL: SELECT * FROM `zh_user` WHERE ( email = '18238827991' or mobile = '18238827991' ) LIMIT 1   [ RunTime:0.0007s ]

[ 2015-04-27T20:31:22+08:00 ] ::1 /zhao/Home/User/chk.html
INFO: [ app_begin ] --START--
INFO: Run Behavior\ReadHtmlCacheBehavior [ RunTime:0.000985s ]
INFO: [ app_begin ] --END-- [ RunTime:0.002127s ]
SQL: SHOW COLUMNS FROM `zh_user` [ RunTime:0.0141s ]
SQL: SELECT * FROM `zh_user` WHERE ( email = '18238827991' or mobile = '18238827991' ) LIMIT 1   [ RunTime:0.0011s ]

[ 2015-04-27T20:31:31+08:00 ] ::1 /zhao/Home/User/chk.html
INFO: [ app_begin ] --START--
INFO: Run Behavior\ReadHtmlCacheBehavior [ RunTime:0.000681s ]
INFO: [ app_begin ] --END-- [ RunTime:0.001250s ]
SQL: SHOW COLUMNS FROM `zh_user` [ RunTime:0.0146s ]
SQL: SELECT * FROM `zh_user` WHERE ( email = '18238827991' or mobile = '18238827991' ) LIMIT 1   [ RunTime:0.0011s ]

[ 2015-04-27T20:31:32+08:00 ] ::1 /zhao/Home/User/chk.html
INFO: [ app_begin ] --START--
INFO: Run Behavior\ReadHtmlCacheBehavior [ RunTime:0.000920s ]
INFO: [ app_begin ] --END-- [ RunTime:0.001568s ]
SQL: SHOW COLUMNS FROM `zh_user` [ RunTime:0.0094s ]
SQL: SELECT * FROM `zh_user` WHERE ( email = '18238827991' or mobile = '18238827991' ) LIMIT 1   [ RunTime:0.0008s ]

[ 2015-04-27T20:32:41+08:00 ] ::1 /zhao/Home/User/chk.html
INFO: [ app_begin ] --START--
INFO: Run Behavior\ReadHtmlCacheBehavior [ RunTime:0.000716s ]
INFO: [ app_begin ] --END-- [ RunTime:0.001180s ]
SQL: SHOW COLUMNS FROM `zh_user` [ RunTime:0.0108s ]
SQL: SELECT * FROM `zh_user` WHERE ( email = '18238827991' or mobile = '18238827991' ) LIMIT 1   [ RunTime:0.0008s ]

[ 2015-04-27T20:34:14+08:00 ] ::1 /zhao/Home/User/chk.html
INFO: [ app_begin ] --START--
INFO: Run Behavior\ReadHtmlCacheBehavior [ RunTime:0.000431s ]
INFO: [ app_begin ] --END-- [ RunTime:0.000805s ]
SQL: SHOW COLUMNS FROM `zh_user` [ RunTime:0.1605s ]
SQL: SELECT * FROM `zh_user` WHERE ( email = '18238827991' or mobile = '18238827991' ) LIMIT 1   [ RunTime:0.0008s ]

[ 2015-04-27T20:34:17+08:00 ] ::1 /zhao/Home/User/chk.html
INFO: [ app_begin ] --START--
INFO: Run Behavior\ReadHtmlCacheBehavior [ RunTime:0.000591s ]
INFO: [ app_begin ] --END-- [ RunTime:0.001014s ]
SQL: SHOW COLUMNS FROM `zh_user` [ RunTime:0.0660s ]
SQL: SELECT * FROM `zh_user` WHERE ( email = '18238827991' or mobile = '18238827991' ) LIMIT 1   [ RunTime:0.0007s ]

[ 2015-04-27T20:36:20+08:00 ] ::1 /zhao/Home/User/chk.html
INFO: [ app_begin ] --START--
INFO: Run Behavior\ReadHtmlCacheBehavior [ RunTime:0.000844s ]
INFO: [ app_begin ] --END-- [ RunTime:0.001452s ]
SQL: SHOW COLUMNS FROM `zh_user` [ RunTime:0.0102s ]
SQL: SELECT * FROM `zh_user` WHERE ( email = '18238827991' or mobile = '18238827991' ) LIMIT 1   [ RunTime:0.0010s ]

[ 2015-04-27T20:38:17+08:00 ] ::1 /zhao/Home/User/chk.html
INFO: [ app_begin ] --START--
INFO: Run Behavior\ReadHtmlCacheBehavior [ RunTime:0.000886s ]
INFO: [ app_begin ] --END-- [ RunTime:0.001819s ]
SQL: SHOW COLUMNS FROM `zh_user` [ RunTime:0.0112s ]
SQL: SELECT * FROM `zh_user` WHERE ( email = 'zb18238827991@163.com' or mobile = 'zb18238827991@163.com' ) LIMIT 1   [ RunTime:0.0010s ]

[ 2015-04-27T20:38:34+08:00 ] ::1 /zhao/Home/User/chk.html
INFO: [ app_begin ] --START--
INFO: Run Behavior\ReadHtmlCacheBehavior [ RunTime:0.000774s ]
INFO: [ app_begin ] --END-- [ RunTime:0.001671s ]
SQL: SHOW COLUMNS FROM `zh_user` [ RunTime:0.0123s ]
SQL: SELECT * FROM `zh_user` WHERE ( email = '18238827991' or mobile = '18238827991' ) LIMIT 1   [ RunTime:0.0007s ]

[ 2015-04-27T20:39:54+08:00 ] ::1 /zhao/Home/User/test.html
INFO: [ app_begin ] --START--
INFO: Run Behavior\ReadHtmlCacheBehavior [ RunTime:0.000435s ]
INFO: [ app_begin ] --END-- [ RunTime:0.000759s ]
INFO: [ app_end ] --START--
INFO: Run Behavior\ShowPageTraceBehavior [ RunTime:0.000718s ]
INFO: [ app_end ] --END-- [ RunTime:0.000785s ]

[ 2015-04-27T20:45:29+08:00 ] ::1 /zhao/Home/User/chk.html
INFO: [ app_begin ] --START--
INFO: Run Behavior\ReadHtmlCacheBehavior [ RunTime:0.000884s ]
INFO: [ app_begin ] --END-- [ RunTime:0.001590s ]
SQL: SHOW COLUMNS FROM `zh_user` [ RunTime:0.0501s ]
SQL: SELECT * FROM `zh_user` WHERE ( email = '18238827991' or mobile = '18238827991' ) LIMIT 1   [ RunTime:0.0009s ]

[ 2015-04-27T20:45:31+08:00 ] ::1 /zhao/Home/User/test.html
INFO: [ app_begin ] --START--
INFO: Run Behavior\ReadHtmlCacheBehavior [ RunTime:0.000858s ]
INFO: [ app_begin ] --END-- [ RunTime:0.001614s ]

[ 2015-04-27T20:50:30+08:00 ] ::1 /zhao/Home/User/chk.html
INFO: [ app_begin ] --START--
INFO: Run Behavior\ReadHtmlCacheBehavior [ RunTime:0.000965s ]
INFO: [ app_begin ] --END-- [ RunTime:0.001461s ]
SQL: SHOW COLUMNS FROM `zh_user` [ RunTime:0.0103s ]
SQL: SELECT * FROM `zh_user` WHERE ( email = '18238827991' or mobile = '18238827991' ) LIMIT 1   [ RunTime:0.0009s ]

[ 2015-04-27T20:50:37+08:00 ] ::1 /zhao/Home/User/test.html
INFO: [ app_begin ] --START--
INFO: Run Behavior\ReadHtmlCacheBehavior [ RunTime:0.000498s ]
INFO: [ app_begin ] --END-- [ RunTime:0.000821s ]
INFO: [ app_end ] --START--
INFO: Run Behavior\ShowPageTraceBehavior [ RunTime:0.000939s ]
INFO: [ app_end ] --END-- [ RunTime:0.001037s ]

[ 2015-04-27T21:13:15+08:00 ] ::1 /zhao/Home/User/chk.html
INFO: [ app_begin ] --START--
INFO: Run Behavior\ReadHtmlCacheBehavior [ RunTime:0.000574s ]
INFO: [ app_begin ] --END-- [ RunTime:0.000969s ]
SQL: SHOW COLUMNS FROM `zh_user` [ RunTime:0.0117s ]
SQL: SELECT * FROM `zh_user` WHERE ( email = '18238827991' or mobile = '18238827991' ) LIMIT 1   [ RunTime:0.0007s ]

[ 2015-04-27T21:13:28+08:00 ] ::1 /zhao/Home/User/chk.html
INFO: [ app_begin ] --START--
INFO: Run Behavior\ReadHtmlCacheBehavior [ RunTime:0.000638s ]
INFO: [ app_begin ] --END-- [ RunTime:0.001191s ]
SQL: SHOW COLUMNS FROM `zh_user` [ RunTime:0.0167s ]
SQL: SELECT * FROM `zh_user` WHERE ( email = '18238827991' or mobile = '18238827991' ) LIMIT 1   [ RunTime:0.0012s ]

[ 2015-04-27T21:19:25+08:00 ] ::1 /zhao/Home/User/chk.html
INFO: [ app_begin ] --START--
INFO: Run Behavior\ReadHtmlCacheBehavior [ RunTime:0.000589s ]
INFO: [ app_begin ] --END-- [ RunTime:0.000940s ]
SQL: SHOW COLUMNS FROM `zh_user` [ RunTime:0.0090s ]
SQL: SELECT * FROM `zh_user` WHERE ( email = 'web_zhaobei@163.com' or mobile = 'web_zhaobei@163.com' ) LIMIT 1   [ RunTime:0.0011s ]

[ 2015-04-27T21:20:03+08:00 ] ::1 /zhao/Home/User/chk.html
INFO: [ app_begin ] --START--
INFO: Run Behavior\ReadHtmlCacheBehavior [ RunTime:0.000674s ]
INFO: [ app_begin ] --END-- [ RunTime:0.001146s ]
SQL: SHOW COLUMNS FROM `zh_user` [ RunTime:0.0114s ]
SQL: SELECT * FROM `zh_user` WHERE ( email = 'zb18238827991@163.com' or mobile = 'zb18238827991@163.com' ) LIMIT 1   [ RunTime:0.0011s ]

[ 2015-04-27T21:32:38+08:00 ] ::1 /zhao/Home/User/chk.html
INFO: [ app_begin ] --START--
INFO: Run Behavior\ReadHtmlCacheBehavior [ RunTime:0.000559s ]
INFO: [ app_begin ] --END-- [ RunTime:0.000916s ]
SQL: SHOW COLUMNS FROM `zh_user` [ RunTime:0.0096s ]
SQL: SELECT * FROM `zh_user` WHERE ( email = 'zb18238827991@163.com' or mobile = 'zb18238827991@163.com' ) LIMIT 1   [ RunTime:0.0008s ]

[ 2015-04-27T21:36:21+08:00 ] ::1 /zhao/Home/User/chk.html
INFO: [ app_begin ] --START--
INFO: Run Behavior\ReadHtmlCacheBehavior [ RunTime:0.000708s ]
INFO: [ app_begin ] --END-- [ RunTime:0.001153s ]
SQL: SHOW COLUMNS FROM `zh_user` [ RunTime:0.0138s ]
SQL: SELECT * FROM `zh_user` WHERE ( email = 'zb18238827991@163.com' or mobile = 'zb18238827991@163.com' ) LIMIT 1   [ RunTime:0.0009s ]

[ 2015-04-27T21:40:13+08:00 ] ::1 /zhao/Home/User/chk.html
INFO: [ app_begin ] --START--
INFO: Run Behavior\ReadHtmlCacheBehavior [ RunTime:0.000726s ]
INFO: [ app_begin ] --END-- [ RunTime:0.001219s ]
SQL: SHOW COLUMNS FROM `zh_user` [ RunTime:0.0109s ]
SQL: SELECT * FROM `zh_user` WHERE ( email = 'zb18238827991@163.com' or mobile = 'zb18238827991@163.com' ) LIMIT 1   [ RunTime:0.0008s ]

[ 2015-04-27T21:43:12+08:00 ] ::1 /zhao/Home/User/chk.html
INFO: [ app_begin ] --START--
INFO: Run Behavior\ReadHtmlCacheBehavior [ RunTime:0.001013s ]
INFO: [ app_begin ] --END-- [ RunTime:0.001660s ]
SQL: SHOW COLUMNS FROM `zh_user` [ RunTime:0.0118s ]
SQL: SELECT * FROM `zh_user` WHERE ( email = 'zb18238827991@163.com' or mobile = 'zb18238827991@163.com' ) LIMIT 1   [ RunTime:0.0008s ]

[ 2015-04-27T21:44:26+08:00 ] ::1 /zhao/Home/User/chk.html
INFO: [ app_begin ] --START--
INFO: Run Behavior\ReadHtmlCacheBehavior [ RunTime:0.000857s ]
INFO: [ app_begin ] --END-- [ RunTime:0.001658s ]
SQL: SHOW COLUMNS FROM `zh_user` [ RunTime:0.0099s ]
SQL: SELECT * FROM `zh_user` WHERE ( email = 'zb18238827991@163.com' or mobile = 'zb18238827991@163.com' ) LIMIT 1   [ RunTime:0.0011s ]

[ 2015-04-27T21:52:01+08:00 ] ::1 /zhao/Home/User/chk.html
INFO: [ app_begin ] --START--
INFO: Run Behavior\ReadHtmlCacheBehavior [ RunTime:0.000721s ]
INFO: [ app_begin ] --END-- [ RunTime:0.001133s ]
SQL: SHOW COLUMNS FROM `zh_user` [ RunTime:0.0148s ]
SQL: SELECT * FROM `zh_user` WHERE ( email = 'zb18238827991@163.com' or mobile = 'zb18238827991@163.com' ) LIMIT 1   [ RunTime:0.0007s ]

[ 2015-04-27T21:52:19+08:00 ] ::1 /zhao/Home/User/doEmailChange.html
ERR: SQLSTATE[42000]: Syntax error or access violation: 1064 You have an error in your SQL syntax; check the manual that corresponds to your MySQL server version for the right syntax to use near '@163.com ) LIMIT 1' at line 1

[ 2015-04-27T21:54:48+08:00 ] ::1 /zhao/Home/User/doEmailChange.html
ERR: SQLSTATE[42000]: Syntax error or access violation: 1064 You have an error in your SQL syntax; check the manual that corresponds to your MySQL server version for the right syntax to use near '@163.com ) LIMIT 1' at line 1

[ 2015-04-27T21:58:16+08:00 ] ::1 /zhao/Home/User/doEmailChange.html
ERR: SQLSTATE[42000]: Syntax error or access violation: 1064 You have an error in your SQL syntax; check the manual that corresponds to your MySQL server version for the right syntax to use near '==zb18238827991@163.com ) LIMIT 1' at line 1

[ 2015-04-27T22:00:28+08:00 ] ::1 /zhao/Home/User/doEmailChange.html
ERR: SQLSTATE[42000]: Syntax error or access violation: 1064 You have an error in your SQL syntax; check the manual that corresponds to your MySQL server version for the right syntax to use near '@163.com ) LIMIT 1' at line 1

[ 2015-04-27T22:10:30+08:00 ] ::1 /zhao/Home/User/doEmailChange.html
ERR: SQLSTATE[42000]: Syntax error or access violation: 1064 You have an error in your SQL syntax; check the manual that corresponds to your MySQL server version for the right syntax to use near '@163.com ) LIMIT 1' at line 1

[ 2015-04-27T23:24:49+08:00 ] ::1 /zhao/Home/User/chk.html
INFO: [ app_begin ] --START--
INFO: Run Behavior\ReadHtmlCacheBehavior [ RunTime:0.002369s ]
INFO: [ app_begin ] --END-- [ RunTime:0.004167s ]
SQL: SHOW COLUMNS FROM `zh_user` [ RunTime:0.0420s ]
SQL: SELECT * FROM `zh_user` WHERE ( email = 'zb18238827991@163.com' or mobile = 'zb18238827991@163.com' ) LIMIT 1   [ RunTime:0.0028s ]

[ 2015-04-27T23:26:53+08:00 ] ::1 /zhao/Home/User/chk.html
INFO: [ app_begin ] --START--
INFO: Run Behavior\ReadHtmlCacheBehavior [ RunTime:0.003370s ]
INFO: [ app_begin ] --END-- [ RunTime:0.005895s ]
SQL: SHOW COLUMNS FROM `zh_user` [ RunTime:0.0367s ]
SQL: SELECT * FROM `zh_user` WHERE ( email = 'zb18238827991@163.com' or mobile = 'zb18238827991@163.com' ) LIMIT 1   [ RunTime:0.0026s ]

[ 2015-04-27T23:31:19+08:00 ] ::1 /zhao/Home/User/chk.html
INFO: [ app_begin ] --START--
INFO: Run Behavior\ReadHtmlCacheBehavior [ RunTime:0.002487s ]
INFO: [ app_begin ] --END-- [ RunTime:0.003903s ]
SQL: SHOW COLUMNS FROM `zh_user` [ RunTime:0.0321s ]
SQL: SELECT * FROM `zh_user` WHERE ( email = 'zb18238827991@163.com' or mobile = 'zb18238827991@163.com' ) LIMIT 1   [ RunTime:0.0025s ]

[ 2015-04-27T23:40:00+08:00 ] ::1 /zhao/Home/User/chk.html
INFO: [ app_begin ] --START--
INFO: Run Behavior\ReadHtmlCacheBehavior [ RunTime:0.004892s ]
INFO: [ app_begin ] --END-- [ RunTime:0.012036s ]
SQL: SHOW COLUMNS FROM `zh_user` [ RunTime:0.0412s ]
SQL: SELECT * FROM `zh_user` WHERE ( email = 'zb18238827991@163.com' or mobile = 'zb18238827991@163.com' ) LIMIT 1   [ RunTime:0.0032s ]

[ 2015-04-27T23:41:19+08:00 ] ::1 /zhao/Home/User/chk.html
INFO: [ app_begin ] --START--
INFO: Run Behavior\ReadHtmlCacheBehavior [ RunTime:0.003126s ]
INFO: [ app_begin ] --END-- [ RunTime:0.004855s ]
SQL: SHOW COLUMNS FROM `zh_user` [ RunTime:0.0353s ]
SQL: SELECT * FROM `zh_user` WHERE ( email = 'zb18238827991@163.com' or mobile = 'zb18238827991@163.com' ) LIMIT 1   [ RunTime:0.0031s ]

[ 2015-04-27T23:43:36+08:00 ] ::1 /zhao/Home/User/chk.html
INFO: [ app_begin ] --START--
INFO: Run Behavior\ReadHtmlCacheBehavior [ RunTime:0.002764s ]
INFO: [ app_begin ] --END-- [ RunTime:0.004889s ]
SQL: SHOW COLUMNS FROM `zh_user` [ RunTime:0.0941s ]
SQL: SELECT * FROM `zh_user` WHERE ( email = 'zb18238827991@163.com' or mobile = 'zb18238827991@163.com' ) LIMIT 1   [ RunTime:0.0036s ]

