[ 2015-04-21T00:04:59+08:00 ] ::1 /zhao/Home/User/chkemail.html
INFO: [ app_begin ] --START--
INFO: Run Behavior\ReadHtmlCacheBehavior [ RunTime:0.000939s ]
INFO: [ app_begin ] --END-- [ RunTime:0.001738s ]

[ 2015-04-21T00:09:33+08:00 ] ::1 /zhao/Home/User/chkemail.html
INFO: [ app_begin ] --START--
INFO: Run Behavior\ReadHtmlCacheBehavior [ RunTime:0.000815s ]
INFO: [ app_begin ] --END-- [ RunTime:0.001478s ]

[ 2015-04-21T00:10:21+08:00 ] ::1 /zhao/Home/User/chkemail.html
INFO: [ app_begin ] --START--
INFO: Run Behavior\ReadHtmlCacheBehavior [ RunTime:0.002075s ]
INFO: [ app_begin ] --END-- [ RunTime:0.003256s ]

[ 2015-04-21T00:17:44+08:00 ] ::1 /zhao/Home/User/chkemail.html
INFO: [ app_begin ] --START--
INFO: Run Behavior\ReadHtmlCacheBehavior [ RunTime:0.001756s ]
INFO: [ app_begin ] --END-- [ RunTime:0.003272s ]

[ 2015-04-21T00:17:50+08:00 ] ::1 /zhao/Home/User/chkemail.html
INFO: [ app_begin ] --START--
INFO: Run Behavior\ReadHtmlCacheBehavior [ RunTime:0.001336s ]
INFO: [ app_begin ] --END-- [ RunTime:0.002625s ]

[ 2015-04-21T00:18:46+08:00 ] ::1 /zhao/Home/User/chkemail.html
INFO: [ app_begin ] --START--
INFO: Run Behavior\ReadHtmlCacheBehavior [ RunTime:0.001356s ]
INFO: [ app_begin ] --END-- [ RunTime:0.002295s ]

[ 2015-04-21T00:18:47+08:00 ] ::1 /zhao/Home/User/chkemail.html
INFO: [ app_begin ] --START--
INFO: Run Behavior\ReadHtmlCacheBehavior [ RunTime:0.001683s ]
INFO: [ app_begin ] --END-- [ RunTime:0.003425s ]

[ 2015-04-21T00:18:49+08:00 ] ::1 /zhao/Home/User/chkemail.html
INFO: [ app_begin ] --START--
INFO: Run Behavior\ReadHtmlCacheBehavior [ RunTime:0.004999s ]
INFO: [ app_begin ] --END-- [ RunTime:0.007414s ]

[ 2015-04-21T00:18:50+08:00 ] ::1 /zhao/Home/User/chkemail.html
INFO: [ app_begin ] --START--
INFO: Run Behavior\ReadHtmlCacheBehavior [ RunTime:0.001899s ]
INFO: [ app_begin ] --END-- [ RunTime:0.003068s ]

[ 2015-04-21T00:18:51+08:00 ] ::1 /zhao/Home/User/chkemail.html
INFO: [ app_begin ] --START--
INFO: Run Behavior\ReadHtmlCacheBehavior [ RunTime:0.001183s ]
INFO: [ app_begin ] --END-- [ RunTime:0.002024s ]

[ 2015-04-21T00:18:52+08:00 ] ::1 /zhao/Home/User/chkemail.html
INFO: [ app_begin ] --START--
INFO: Run Behavior\ReadHtmlCacheBehavior [ RunTime:0.002381s ]
INFO: [ app_begin ] --END-- [ RunTime:0.003466s ]

[ 2015-04-21T00:19:46+08:00 ] ::1 /zhao/Home/User/chkemail.html
INFO: [ app_begin ] --START--
INFO: Run Behavior\ReadHtmlCacheBehavior [ RunTime:0.001010s ]
INFO: [ app_begin ] --END-- [ RunTime:0.001754s ]

[ 2015-04-21T00:19:50+08:00 ] ::1 /zhao/Home/User/chkemail.html
INFO: [ app_begin ] --START--
INFO: Run Behavior\ReadHtmlCacheBehavior [ RunTime:0.002121s ]
INFO: [ app_begin ] --END-- [ RunTime:0.004196s ]

[ 2015-04-21T00:19:58+08:00 ] ::1 /zhao/Home/User/chkemail.html
INFO: [ app_begin ] --START--
INFO: Run Behavior\ReadHtmlCacheBehavior [ RunTime:0.001568s ]
INFO: [ app_begin ] --END-- [ RunTime:0.002395s ]

[ 2015-04-21T00:20:00+08:00 ] ::1 /zhao/Home/User/chkemail.html
INFO: [ app_begin ] --START--
INFO: Run Behavior\ReadHtmlCacheBehavior [ RunTime:0.002838s ]
INFO: [ app_begin ] --END-- [ RunTime:0.005431s ]

[ 2015-04-21T00:20:01+08:00 ] ::1 /zhao/Home/User/chkemail.html
INFO: [ app_begin ] --START--
INFO: Run Behavior\ReadHtmlCacheBehavior [ RunTime:0.001171s ]
INFO: [ app_begin ] --END-- [ RunTime:0.002121s ]

[ 2015-04-21T00:20:03+08:00 ] ::1 /zhao/Home/User/chkemail.html
INFO: [ app_begin ] --START--
INFO: Run Behavior\ReadHtmlCacheBehavior [ RunTime:0.001152s ]
INFO: [ app_begin ] --END-- [ RunTime:0.001913s ]

[ 2015-04-21T07:54:40+08:00 ] ::1 /zhao/Home/User/test.html
INFO: [ app_begin ] --START--
INFO: Run Behavior\ReadHtmlCacheBehavior [ RunTime:0.001323s ]
INFO: [ app_begin ] --END-- [ RunTime:0.002022s ]
INFO: [ app_end ] --START--
INFO: Run Behavior\ShowPageTraceBehavior [ RunTime:0.002540s ]
INFO: [ app_end ] --END-- [ RunTime:0.002776s ]

[ 2015-04-21T08:12:07+08:00 ] ::1 /zhao/Home/User/chkemail.html
INFO: [ app_begin ] --START--
INFO: Run Behavior\ReadHtmlCacheBehavior [ RunTime:0.000493s ]
INFO: [ app_begin ] --END-- [ RunTime:0.000904s ]
NOTIC: [8] Undefined index: mobile D:\XAMMP\htdocs\zhao\Application\Home\Controller\UserController.class.php 第 204 行.
SQL: SHOW COLUMNS FROM `zh_user` [ RunTime:0.0124s ]
SQL: SELECT COUNT(*) AS tp_count FROM `zh_user` WHERE ( email = '' ) LIMIT 1   [ RunTime:0.0193s ]

[ 2015-04-21T08:12:10+08:00 ] ::1 /zhao/Home/User/chkemail.html
INFO: [ app_begin ] --START--
INFO: Run Behavior\ReadHtmlCacheBehavior [ RunTime:0.000462s ]
INFO: [ app_begin ] --END-- [ RunTime:0.000845s ]
NOTIC: [8] Undefined index: mobile D:\XAMMP\htdocs\zhao\Application\Home\Controller\UserController.class.php 第 204 行.
SQL: SHOW COLUMNS FROM `zh_user` [ RunTime:0.0695s ]
SQL: SELECT COUNT(*) AS tp_count FROM `zh_user` WHERE ( email = '' ) LIMIT 1   [ RunTime:0.0004s ]

[ 2015-04-21T08:16:11+08:00 ] ::1 /zhao/Home/User/chkmobile.html
INFO: [ app_begin ] --START--
INFO: Run Behavior\ReadHtmlCacheBehavior [ RunTime:0.000765s ]
INFO: [ app_begin ] --END-- [ RunTime:0.001584s ]
NOTIC: [8] Undefined index: mobile D:\XAMMP\htdocs\zhao\Application\Home\Controller\UserController.class.php 第 220 行.
SQL: SHOW COLUMNS FROM `zh_user` [ RunTime:0.0118s ]
SQL: SELECT COUNT(*) AS tp_count FROM `zh_user` WHERE ( mobile = '' ) LIMIT 1   [ RunTime:0.0005s ]

[ 2015-04-21T08:17:49+08:00 ] ::1 /zhao/Home/User/chkmobile.html
INFO: [ app_begin ] --START--
INFO: Run Behavior\ReadHtmlCacheBehavior [ RunTime:0.001177s ]
INFO: [ app_begin ] --END-- [ RunTime:0.002087s ]
NOTIC: [8] Undefined index: mobile D:\XAMMP\htdocs\zhao\Application\Home\Controller\UserController.class.php 第 220 行.
SQL: SHOW COLUMNS FROM `zh_user` [ RunTime:0.0111s ]
SQL: SELECT COUNT(*) AS tp_count FROM `zh_user` WHERE ( mobile = '' ) LIMIT 1   [ RunTime:0.0005s ]

[ 2015-04-21T08:17:55+08:00 ] ::1 /zhao/Home/User/chkemail.html
INFO: [ app_begin ] --START--
INFO: Run Behavior\ReadHtmlCacheBehavior [ RunTime:0.000605s ]
INFO: [ app_begin ] --END-- [ RunTime:0.001063s ]
NOTIC: [8] Undefined index: mobile D:\XAMMP\htdocs\zhao\Application\Home\Controller\UserController.class.php 第 204 行.
SQL: SHOW COLUMNS FROM `zh_user` [ RunTime:0.0094s ]
SQL: SELECT COUNT(*) AS tp_count FROM `zh_user` WHERE ( email = '' ) LIMIT 1   [ RunTime:0.0008s ]

[ 2015-04-21T08:19:16+08:00 ] ::1 /zhao/Home/User/chkemail.html
INFO: [ app_begin ] --START--
INFO: Run Behavior\ReadHtmlCacheBehavior [ RunTime:0.001144s ]
INFO: [ app_begin ] --END-- [ RunTime:0.002189s ]
NOTIC: [8] Undefined index: mobile D:\XAMMP\htdocs\zhao\Application\Home\Controller\UserController.class.php 第 204 行.
SQL: SHOW COLUMNS FROM `zh_user` [ RunTime:0.0112s ]
SQL: SELECT COUNT(*) AS tp_count FROM `zh_user` WHERE ( email = '' ) LIMIT 1   [ RunTime:0.0005s ]

[ 2015-04-21T08:19:22+08:00 ] ::1 /zhao/Home/User/chkmobile.html
INFO: [ app_begin ] --START--
INFO: Run Behavior\ReadHtmlCacheBehavior [ RunTime:0.000791s ]
INFO: [ app_begin ] --END-- [ RunTime:0.001353s ]
NOTIC: [8] Undefined index: mobile D:\XAMMP\htdocs\zhao\Application\Home\Controller\UserController.class.php 第 220 行.
SQL: SHOW COLUMNS FROM `zh_user` [ RunTime:0.0120s ]
SQL: SELECT COUNT(*) AS tp_count FROM `zh_user` WHERE ( mobile = '' ) LIMIT 1   [ RunTime:0.0007s ]

[ 2015-04-21T08:19:45+08:00 ] ::1 /zhao/Home/User/chkmobile.html
INFO: [ app_begin ] --START--
INFO: Run Behavior\ReadHtmlCacheBehavior [ RunTime:0.000974s ]
INFO: [ app_begin ] --END-- [ RunTime:0.001681s ]
NOTIC: [8] Undefined index: mobile D:\XAMMP\htdocs\zhao\Application\Home\Controller\UserController.class.php 第 220 行.
SQL: SHOW COLUMNS FROM `zh_user` [ RunTime:0.0095s ]
SQL: SELECT COUNT(*) AS tp_count FROM `zh_user` WHERE ( mobile = '' ) LIMIT 1   [ RunTime:0.0005s ]

[ 2015-04-21T08:19:51+08:00 ] ::1 /zhao/Home/User/chkemail.html
INFO: [ app_begin ] --START--
INFO: Run Behavior\ReadHtmlCacheBehavior [ RunTime:0.000761s ]
INFO: [ app_begin ] --END-- [ RunTime:0.001280s ]
NOTIC: [8] Undefined index: mobile D:\XAMMP\htdocs\zhao\Application\Home\Controller\UserController.class.php 第 204 行.
SQL: SHOW COLUMNS FROM `zh_user` [ RunTime:0.0100s ]
SQL: SELECT COUNT(*) AS tp_count FROM `zh_user` WHERE ( email = '' ) LIMIT 1   [ RunTime:0.0006s ]

[ 2015-04-21T08:19:59+08:00 ] ::1 /zhao/Home/User/chkmobile.html
INFO: [ app_begin ] --START--
INFO: Run Behavior\ReadHtmlCacheBehavior [ RunTime:0.000694s ]
INFO: [ app_begin ] --END-- [ RunTime:0.001366s ]
NOTIC: [8] Undefined index: mobile D:\XAMMP\htdocs\zhao\Application\Home\Controller\UserController.class.php 第 220 行.
SQL: SHOW COLUMNS FROM `zh_user` [ RunTime:0.0099s ]
SQL: SELECT COUNT(*) AS tp_count FROM `zh_user` WHERE ( mobile = '' ) LIMIT 1   [ RunTime:0.0005s ]

[ 2015-04-21T08:20:05+08:00 ] ::1 /zhao/Home/User/chkmobile.html
INFO: [ app_begin ] --START--
INFO: Run Behavior\ReadHtmlCacheBehavior [ RunTime:0.000841s ]
INFO: [ app_begin ] --END-- [ RunTime:0.001570s ]
NOTIC: [8] Undefined index: mobile D:\XAMMP\htdocs\zhao\Application\Home\Controller\UserController.class.php 第 220 行.
SQL: SHOW COLUMNS FROM `zh_user` [ RunTime:0.0095s ]
SQL: SELECT COUNT(*) AS tp_count FROM `zh_user` WHERE ( mobile = '' ) LIMIT 1   [ RunTime:0.0005s ]

[ 2015-04-21T08:20:06+08:00 ] ::1 /zhao/Home/User/chkmobile.html
INFO: [ app_begin ] --START--
INFO: Run Behavior\ReadHtmlCacheBehavior [ RunTime:0.001101s ]
INFO: [ app_begin ] --END-- [ RunTime:0.001900s ]
NOTIC: [8] Undefined index: mobile D:\XAMMP\htdocs\zhao\Application\Home\Controller\UserController.class.php 第 220 行.
SQL: SHOW COLUMNS FROM `zh_user` [ RunTime:0.0107s ]
SQL: SELECT COUNT(*) AS tp_count FROM `zh_user` WHERE ( mobile = '' ) LIMIT 1   [ RunTime:0.0005s ]

[ 2015-04-21T08:20:07+08:00 ] ::1 /zhao/Home/User/chkmobile.html
INFO: [ app_begin ] --START--
INFO: Run Behavior\ReadHtmlCacheBehavior [ RunTime:0.000389s ]
INFO: [ app_begin ] --END-- [ RunTime:0.000688s ]
NOTIC: [8] Undefined index: mobile D:\XAMMP\htdocs\zhao\Application\Home\Controller\UserController.class.php 第 220 行.
SQL: SHOW COLUMNS FROM `zh_user` [ RunTime:0.0080s ]
SQL: SELECT COUNT(*) AS tp_count FROM `zh_user` WHERE ( mobile = '' ) LIMIT 1   [ RunTime:0.0005s ]

[ 2015-04-21T08:20:09+08:00 ] ::1 /zhao/Home/User/chkmobile.html
INFO: [ app_begin ] --START--
INFO: Run Behavior\ReadHtmlCacheBehavior [ RunTime:0.000938s ]
INFO: [ app_begin ] --END-- [ RunTime:0.001691s ]
NOTIC: [8] Undefined index: mobile D:\XAMMP\htdocs\zhao\Application\Home\Controller\UserController.class.php 第 220 行.
SQL: SHOW COLUMNS FROM `zh_user` [ RunTime:0.0114s ]
SQL: SELECT COUNT(*) AS tp_count FROM `zh_user` WHERE ( mobile = '' ) LIMIT 1   [ RunTime:0.0005s ]

[ 2015-04-21T08:20:12+08:00 ] ::1 /zhao/Home/User/chkmobile.html
INFO: [ app_begin ] --START--
INFO: Run Behavior\ReadHtmlCacheBehavior [ RunTime:0.000765s ]
INFO: [ app_begin ] --END-- [ RunTime:0.001476s ]
NOTIC: [8] Undefined index: mobile D:\XAMMP\htdocs\zhao\Application\Home\Controller\UserController.class.php 第 220 行.
SQL: SHOW COLUMNS FROM `zh_user` [ RunTime:0.0113s ]
SQL: SELECT COUNT(*) AS tp_count FROM `zh_user` WHERE ( mobile = '' ) LIMIT 1   [ RunTime:0.0014s ]

[ 2015-04-21T08:20:19+08:00 ] ::1 /zhao/Home/User/chkmobile.html
INFO: [ app_begin ] --START--
INFO: Run Behavior\ReadHtmlCacheBehavior [ RunTime:0.000892s ]
INFO: [ app_begin ] --END-- [ RunTime:0.001958s ]
NOTIC: [8] Undefined index: mobile D:\XAMMP\htdocs\zhao\Application\Home\Controller\UserController.class.php 第 220 行.
SQL: SHOW COLUMNS FROM `zh_user` [ RunTime:0.0111s ]
SQL: SELECT COUNT(*) AS tp_count FROM `zh_user` WHERE ( mobile = '' ) LIMIT 1   [ RunTime:0.0005s ]

[ 2015-04-21T08:21:20+08:00 ] ::1 /zhao/Home/User/chkemail.html
INFO: [ app_begin ] --START--
INFO: Run Behavior\ReadHtmlCacheBehavior [ RunTime:0.001216s ]
INFO: [ app_begin ] --END-- [ RunTime:0.002066s ]
NOTIC: [8] Undefined index: mobile D:\XAMMP\htdocs\zhao\Application\Home\Controller\UserController.class.php 第 204 行.
SQL: SHOW COLUMNS FROM `zh_user` [ RunTime:0.0108s ]
SQL: SELECT COUNT(*) AS tp_count FROM `zh_user` WHERE ( email = '' ) LIMIT 1   [ RunTime:0.0006s ]

[ 2015-04-21T08:22:05+08:00 ] ::1 /zhao/Home/User/chkemail.html
INFO: [ app_begin ] --START--
INFO: Run Behavior\ReadHtmlCacheBehavior [ RunTime:0.000701s ]
INFO: [ app_begin ] --END-- [ RunTime:0.001429s ]
NOTIC: [8] Undefined index: mobile D:\XAMMP\htdocs\zhao\Application\Home\Controller\UserController.class.php 第 204 行.
SQL: SHOW COLUMNS FROM `zh_user` [ RunTime:0.0099s ]
SQL: SELECT COUNT(*) AS tp_count FROM `zh_user` WHERE ( email = '' ) LIMIT 1   [ RunTime:0.0004s ]

[ 2015-04-21T08:22:58+08:00 ] ::1 /zhao/Home/User/chkemail.html
INFO: [ app_begin ] --START--
INFO: Run Behavior\ReadHtmlCacheBehavior [ RunTime:0.000736s ]
INFO: [ app_begin ] --END-- [ RunTime:0.001369s ]
NOTIC: [8] Undefined index: mobile D:\XAMMP\htdocs\zhao\Application\Home\Controller\UserController.class.php 第 204 行.
SQL: SHOW COLUMNS FROM `zh_user` [ RunTime:0.0112s ]
SQL: SELECT COUNT(*) AS tp_count FROM `zh_user` WHERE ( email = '' ) LIMIT 1   [ RunTime:0.0005s ]

[ 2015-04-21T08:23:58+08:00 ] ::1 /zhao/Home/User/chkemail.html
INFO: [ app_begin ] --START--
INFO: Run Behavior\ReadHtmlCacheBehavior [ RunTime:0.001560s ]
INFO: [ app_begin ] --END-- [ RunTime:0.002301s ]
NOTIC: [8] Undefined index: mobile D:\XAMMP\htdocs\zhao\Application\Home\Controller\UserController.class.php 第 204 行.
SQL: SHOW COLUMNS FROM `zh_user` [ RunTime:0.0116s ]
SQL: SELECT * FROM `zh_user` WHERE ( email = '' ) LIMIT 1   [ RunTime:0.0010s ]

[ 2015-04-21T08:24:44+08:00 ] ::1 /zhao/Home/User/chkemail.html
INFO: [ app_begin ] --START--
INFO: Run Behavior\ReadHtmlCacheBehavior [ RunTime:0.000874s ]
INFO: [ app_begin ] --END-- [ RunTime:0.001498s ]
NOTIC: [8] Undefined index: mobile D:\XAMMP\htdocs\zhao\Application\Home\Controller\UserController.class.php 第 204 行.
SQL: SHOW COLUMNS FROM `zh_user` [ RunTime:0.0086s ]
SQL: SELECT * FROM `zh_user` WHERE ( email = '' ) LIMIT 1   [ RunTime:0.0011s ]

[ 2015-04-21T08:24:47+08:00 ] ::1 /zhao/Home/User/chkemail.html
INFO: [ app_begin ] --START--
INFO: Run Behavior\ReadHtmlCacheBehavior [ RunTime:0.000941s ]
INFO: [ app_begin ] --END-- [ RunTime:0.001693s ]
NOTIC: [8] Undefined index: mobile D:\XAMMP\htdocs\zhao\Application\Home\Controller\UserController.class.php 第 204 行.
SQL: SHOW COLUMNS FROM `zh_user` [ RunTime:0.0091s ]
SQL: SELECT * FROM `zh_user` WHERE ( email = '' ) LIMIT 1   [ RunTime:0.0009s ]

[ 2015-04-21T08:27:38+08:00 ] ::1 /zhao/Home/User/chkemail.html
INFO: [ app_begin ] --START--
INFO: Run Behavior\ReadHtmlCacheBehavior [ RunTime:0.000560s ]
INFO: [ app_begin ] --END-- [ RunTime:0.000981s ]
NOTIC: [8] Undefined index: mobile D:\XAMMP\htdocs\zhao\Application\Home\Controller\UserController.class.php 第 204 行.
SQL: SHOW COLUMNS FROM `zh_user` [ RunTime:0.0153s ]
SQL: SELECT * FROM `zh_user` WHERE ( email = '' ) LIMIT 1   [ RunTime:0.0033s ]

[ 2015-04-21T08:27:41+08:00 ] ::1 /zhao/Home/User/chkemail.html
INFO: [ app_begin ] --START--
INFO: Run Behavior\ReadHtmlCacheBehavior [ RunTime:0.000473s ]
INFO: [ app_begin ] --END-- [ RunTime:0.000860s ]
NOTIC: [8] Undefined index: mobile D:\XAMMP\htdocs\zhao\Application\Home\Controller\UserController.class.php 第 204 行.
SQL: SHOW COLUMNS FROM `zh_user` [ RunTime:0.0089s ]
SQL: SELECT * FROM `zh_user` WHERE ( email = '' ) LIMIT 1   [ RunTime:0.0011s ]

[ 2015-04-21T08:27:49+08:00 ] ::1 /zhao/Home/User/chkemail.html
INFO: [ app_begin ] --START--
INFO: Run Behavior\ReadHtmlCacheBehavior [ RunTime:0.000942s ]
INFO: [ app_begin ] --END-- [ RunTime:0.001676s ]
NOTIC: [8] Undefined index: mobile D:\XAMMP\htdocs\zhao\Application\Home\Controller\UserController.class.php 第 204 行.
SQL: SHOW COLUMNS FROM `zh_user` [ RunTime:0.0115s ]
SQL: SELECT * FROM `zh_user` WHERE ( email = '' ) LIMIT 1   [ RunTime:0.0011s ]

[ 2015-04-21T08:31:11+08:00 ] ::1 /zhao/Home/User/chkemail.html
INFO: [ app_begin ] --START--
INFO: Run Behavior\ReadHtmlCacheBehavior [ RunTime:0.000704s ]
INFO: [ app_begin ] --END-- [ RunTime:0.001345s ]
NOTIC: [8] Undefined index: mobile D:\XAMMP\htdocs\zhao\Application\Home\Controller\UserController.class.php 第 204 行.
SQL: SHOW COLUMNS FROM `zh_user` [ RunTime:0.0090s ]
SQL: SELECT * FROM `zh_user` WHERE ( email = '' ) LIMIT 1   [ RunTime:0.0007s ]

[ 2015-04-21T08:31:18+08:00 ] ::1 /zhao/Home/User/chkemail.html
INFO: [ app_begin ] --START--
INFO: Run Behavior\ReadHtmlCacheBehavior [ RunTime:0.000818s ]
INFO: [ app_begin ] --END-- [ RunTime:0.001538s ]
NOTIC: [8] Undefined index: mobile D:\XAMMP\htdocs\zhao\Application\Home\Controller\UserController.class.php 第 204 行.
SQL: SHOW COLUMNS FROM `zh_user` [ RunTime:0.0093s ]
SQL: SELECT * FROM `zh_user` WHERE ( email = '' ) LIMIT 1   [ RunTime:0.0011s ]

[ 2015-04-21T08:31:21+08:00 ] ::1 /zhao/Home/User/chkemail.html
INFO: [ app_begin ] --START--
INFO: Run Behavior\ReadHtmlCacheBehavior [ RunTime:0.000905s ]
INFO: [ app_begin ] --END-- [ RunTime:0.001796s ]
NOTIC: [8] Undefined index: mobile D:\XAMMP\htdocs\zhao\Application\Home\Controller\UserController.class.php 第 204 行.
SQL: SHOW COLUMNS FROM `zh_user` [ RunTime:0.0101s ]
SQL: SELECT * FROM `zh_user` WHERE ( email = '' ) LIMIT 1   [ RunTime:0.0009s ]

[ 2015-04-21T08:31:31+08:00 ] ::1 /zhao/Home/User/chkemail.html
INFO: [ app_begin ] --START--
INFO: Run Behavior\ReadHtmlCacheBehavior [ RunTime:0.000563s ]
INFO: [ app_begin ] --END-- [ RunTime:0.001023s ]
NOTIC: [8] Undefined index: mobile D:\XAMMP\htdocs\zhao\Application\Home\Controller\UserController.class.php 第 204 行.
SQL: SHOW COLUMNS FROM `zh_user` [ RunTime:0.0102s ]
SQL: SELECT * FROM `zh_user` WHERE ( email = '' ) LIMIT 1   [ RunTime:0.0010s ]

[ 2015-04-21T08:32:10+08:00 ] ::1 /zhao/Home/User/chkemail.html
INFO: [ app_begin ] --START--
INFO: Run Behavior\ReadHtmlCacheBehavior [ RunTime:0.000855s ]
INFO: [ app_begin ] --END-- [ RunTime:0.001517s ]
NOTIC: [8] Undefined index: mobile D:\XAMMP\htdocs\zhao\Application\Home\Controller\UserController.class.php 第 204 行.
SQL: SHOW COLUMNS FROM `zh_user` [ RunTime:0.0112s ]
SQL: SELECT * FROM `zh_user` WHERE ( email = '' ) LIMIT 1   [ RunTime:0.0008s ]

[ 2015-04-21T08:33:56+08:00 ] ::1 /zhao/Home/User/chkemail.html
INFO: [ app_begin ] --START--
INFO: Run Behavior\ReadHtmlCacheBehavior [ RunTime:0.000660s ]
INFO: [ app_begin ] --END-- [ RunTime:0.001195s ]
SQL: SHOW COLUMNS FROM `zh_user` [ RunTime:0.0098s ]
SQL: SELECT * FROM `zh_user` WHERE ( email = 'web_zhaobei@163.com' ) LIMIT 1   [ RunTime:0.0008s ]

[ 2015-04-21T08:37:31+08:00 ] ::1 /zhao/Home/User/chkmobile.html
INFO: [ app_begin ] --START--
INFO: Run Behavior\ReadHtmlCacheBehavior [ RunTime:0.000436s ]
INFO: [ app_begin ] --END-- [ RunTime:0.000828s ]
SQL: SHOW COLUMNS FROM `zh_user` [ RunTime:0.0115s ]
SQL: SELECT COUNT(*) AS tp_count FROM `zh_user` WHERE ( mobile = '18238827991' ) LIMIT 1   [ RunTime:0.0006s ]

[ 2015-04-21T08:37:34+08:00 ] ::1 /zhao/Home/User/chkmobile.html
INFO: [ app_begin ] --START--
INFO: Run Behavior\ReadHtmlCacheBehavior [ RunTime:0.000566s ]
INFO: [ app_begin ] --END-- [ RunTime:0.000894s ]
SQL: SHOW COLUMNS FROM `zh_user` [ RunTime:0.0113s ]
SQL: SELECT COUNT(*) AS tp_count FROM `zh_user` WHERE ( mobile = '18238827991' ) LIMIT 1   [ RunTime:0.0010s ]

[ 2015-04-21T08:37:35+08:00 ] ::1 /zhao/Home/User/chkmobile.html
INFO: [ app_begin ] --START--
INFO: Run Behavior\ReadHtmlCacheBehavior [ RunTime:0.000970s ]
INFO: [ app_begin ] --END-- [ RunTime:0.001641s ]
SQL: SHOW COLUMNS FROM `zh_user` [ RunTime:0.0140s ]
SQL: SELECT COUNT(*) AS tp_count FROM `zh_user` WHERE ( mobile = '18238827991' ) LIMIT 1   [ RunTime:0.0009s ]

[ 2015-04-21T08:38:04+08:00 ] ::1 /zhao/Home/User/chkemail.html
INFO: [ app_begin ] --START--
INFO: Run Behavior\ReadHtmlCacheBehavior [ RunTime:0.000622s ]
INFO: [ app_begin ] --END-- [ RunTime:0.001120s ]
SQL: SHOW COLUMNS FROM `zh_user` [ RunTime:0.0106s ]
SQL: SELECT * FROM `zh_user` WHERE ( email = 'web_zhaobei@163.com' ) LIMIT 1   [ RunTime:0.0008s ]

[ 2015-04-21T08:38:17+08:00 ] ::1 /zhao/Home/User/chkmobile.html
INFO: [ app_begin ] --START--
INFO: Run Behavior\ReadHtmlCacheBehavior [ RunTime:0.000720s ]
INFO: [ app_begin ] --END-- [ RunTime:0.001435s ]
SQL: SHOW COLUMNS FROM `zh_user` [ RunTime:0.0086s ]
SQL: SELECT COUNT(*) AS tp_count FROM `zh_user` WHERE ( mobile = '18238827991' ) LIMIT 1   [ RunTime:0.0006s ]

[ 2015-04-21T08:38:19+08:00 ] ::1 /zhao/Home/User/chkmobile.html
INFO: [ app_begin ] --START--
INFO: Run Behavior\ReadHtmlCacheBehavior [ RunTime:0.000595s ]
INFO: [ app_begin ] --END-- [ RunTime:0.001025s ]
SQL: SHOW COLUMNS FROM `zh_user` [ RunTime:0.0109s ]
SQL: SELECT COUNT(*) AS tp_count FROM `zh_user` WHERE ( mobile = '18238827991' ) LIMIT 1   [ RunTime:0.0005s ]

[ 2015-04-21T08:40:02+08:00 ] ::1 /zhao/Home/User/chkemail.html
INFO: [ app_begin ] --START--
INFO: Run Behavior\ReadHtmlCacheBehavior [ RunTime:0.000506s ]
INFO: [ app_begin ] --END-- [ RunTime:0.000822s ]
SQL: SHOW COLUMNS FROM `zh_user` [ RunTime:0.0093s ]
SQL: SELECT * FROM `zh_user` WHERE ( email = 'web_zhaobei@163.com' ) LIMIT 1   [ RunTime:0.0007s ]

[ 2015-04-21T08:40:11+08:00 ] ::1 /zhao/Home/User/chkemail.html
INFO: [ app_begin ] --START--
INFO: Run Behavior\ReadHtmlCacheBehavior [ RunTime:0.000525s ]
INFO: [ app_begin ] --END-- [ RunTime:0.000959s ]
SQL: SHOW COLUMNS FROM `zh_user` [ RunTime:0.0086s ]
SQL: SELECT * FROM `zh_user` WHERE ( email = 'web_zhaobei@163.com' ) LIMIT 1   [ RunTime:0.0008s ]

[ 2015-04-21T08:40:49+08:00 ] ::1 /zhao/Home/User/chkemail.html
INFO: [ app_begin ] --START--
INFO: Run Behavior\ReadHtmlCacheBehavior [ RunTime:0.001100s ]
INFO: [ app_begin ] --END-- [ RunTime:0.001958s ]
SQL: SHOW COLUMNS FROM `zh_user` [ RunTime:0.0117s ]
SQL: SELECT * FROM `zh_user` WHERE ( email = 'web_zhaobei@163.com' ) LIMIT 1   [ RunTime:0.0006s ]

[ 2015-04-21T08:41:13+08:00 ] ::1 /zhao/Home/User/chkemail.html
INFO: [ app_begin ] --START--
INFO: Run Behavior\ReadHtmlCacheBehavior [ RunTime:0.001014s ]
INFO: [ app_begin ] --END-- [ RunTime:0.001872s ]
SQL: SHOW COLUMNS FROM `zh_user` [ RunTime:0.0103s ]
SQL: SELECT * FROM `zh_user` WHERE ( email = 'zb18238827991@163.com' ) LIMIT 1   [ RunTime:0.0007s ]

[ 2015-04-21T08:41:16+08:00 ] ::1 /zhao/Home/User/chkemail.html
INFO: [ app_begin ] --START--
INFO: Run Behavior\ReadHtmlCacheBehavior [ RunTime:0.001100s ]
INFO: [ app_begin ] --END-- [ RunTime:0.001999s ]
SQL: SHOW COLUMNS FROM `zh_user` [ RunTime:0.0102s ]
SQL: SELECT * FROM `zh_user` WHERE ( email = 'zb18238827991@163.com' ) LIMIT 1   [ RunTime:0.0008s ]

[ 2015-04-21T08:41:18+08:00 ] ::1 /zhao/Home/User/chkemail.html
INFO: [ app_begin ] --START--
INFO: Run Behavior\ReadHtmlCacheBehavior [ RunTime:0.001100s ]
INFO: [ app_begin ] --END-- [ RunTime:0.001723s ]
SQL: SHOW COLUMNS FROM `zh_user` [ RunTime:0.0108s ]
SQL: SELECT * FROM `zh_user` WHERE ( email = 'zb18238827991@163.com' ) LIMIT 1   [ RunTime:0.0008s ]

[ 2015-04-21T08:41:38+08:00 ] ::1 /zhao/Home/User/chkemail.html
INFO: [ app_begin ] --START--
INFO: Run Behavior\ReadHtmlCacheBehavior [ RunTime:0.000402s ]
INFO: [ app_begin ] --END-- [ RunTime:0.000676s ]
SQL: SHOW COLUMNS FROM `zh_user` [ RunTime:0.0103s ]
SQL: SELECT * FROM `zh_user` WHERE ( email = 'web_zhaobei@163.com' ) LIMIT 1   [ RunTime:0.0006s ]

[ 2015-04-21T08:41:41+08:00 ] ::1 /zhao/Home/User/chkemail.html
INFO: [ app_begin ] --START--
INFO: Run Behavior\ReadHtmlCacheBehavior [ RunTime:0.001534s ]
INFO: [ app_begin ] --END-- [ RunTime:0.002684s ]
SQL: SHOW COLUMNS FROM `zh_user` [ RunTime:0.0098s ]
SQL: SELECT * FROM `zh_user` WHERE ( email = 'web_zhaobei@163.com' ) LIMIT 1   [ RunTime:0.0007s ]

[ 2015-04-21T08:42:32+08:00 ] ::1 /zhao/Home/User/chkemail.html
INFO: [ app_begin ] --START--
INFO: Run Behavior\ReadHtmlCacheBehavior [ RunTime:0.001141s ]
INFO: [ app_begin ] --END-- [ RunTime:0.001730s ]
SQL: SHOW COLUMNS FROM `zh_user` [ RunTime:0.0096s ]
SQL: SELECT * FROM `zh_user` WHERE ( email = 'web_zhaobei@163.com' ) LIMIT 1   [ RunTime:0.0010s ]

[ 2015-04-21T08:42:44+08:00 ] ::1 /zhao/Home/User/chkemail.html
INFO: [ app_begin ] --START--
INFO: Run Behavior\ReadHtmlCacheBehavior [ RunTime:0.001182s ]
INFO: [ app_begin ] --END-- [ RunTime:0.001944s ]
SQL: SHOW COLUMNS FROM `zh_user` [ RunTime:0.0101s ]
SQL: SELECT * FROM `zh_user` WHERE ( email = 'web_zhaobei@163.com' ) LIMIT 1   [ RunTime:0.0007s ]

[ 2015-04-21T08:42:47+08:00 ] ::1 /zhao/Home/User/chkemail.html
INFO: [ app_begin ] --START--
INFO: Run Behavior\ReadHtmlCacheBehavior [ RunTime:0.001206s ]
INFO: [ app_begin ] --END-- [ RunTime:0.001893s ]
SQL: SHOW COLUMNS FROM `zh_user` [ RunTime:0.0083s ]
SQL: SELECT * FROM `zh_user` WHERE ( email = 'web_zhaobei@163.com' ) LIMIT 1   [ RunTime:0.0007s ]

[ 2015-04-21T08:43:11+08:00 ] ::1 /zhao/Home/User/chkemail.html
INFO: [ app_begin ] --START--
INFO: Run Behavior\ReadHtmlCacheBehavior [ RunTime:0.001247s ]
INFO: [ app_begin ] --END-- [ RunTime:0.001752s ]
SQL: SHOW COLUMNS FROM `zh_user` [ RunTime:0.0118s ]
SQL: SELECT * FROM `zh_user` WHERE ( email = 'web_zhaobei@163.com' ) LIMIT 1   [ RunTime:0.0007s ]

[ 2015-04-21T08:43:16+08:00 ] ::1 /zhao/Home/User/chkemail.html
INFO: [ app_begin ] --START--
INFO: Run Behavior\ReadHtmlCacheBehavior [ RunTime:0.001378s ]
INFO: [ app_begin ] --END-- [ RunTime:0.002233s ]
SQL: SHOW COLUMNS FROM `zh_user` [ RunTime:0.0105s ]
SQL: SELECT * FROM `zh_user` WHERE ( email = 'zb18238827991@163.com' ) LIMIT 1   [ RunTime:0.0008s ]

[ 2015-04-21T08:43:19+08:00 ] ::1 /zhao/Home/User/chkemail.html
INFO: [ app_begin ] --START--
INFO: Run Behavior\ReadHtmlCacheBehavior [ RunTime:0.001420s ]
INFO: [ app_begin ] --END-- [ RunTime:0.002537s ]
SQL: SHOW COLUMNS FROM `zh_user` [ RunTime:0.0089s ]
SQL: SELECT * FROM `zh_user` WHERE ( email = 'zb18238827991@163.com' ) LIMIT 1   [ RunTime:0.0011s ]

[ 2015-04-21T08:43:24+08:00 ] ::1 /zhao/Home/User/chkemail.html
INFO: [ app_begin ] --START--
INFO: Run Behavior\ReadHtmlCacheBehavior [ RunTime:0.002037s ]
INFO: [ app_begin ] --END-- [ RunTime:0.002722s ]
SQL: SHOW COLUMNS FROM `zh_user` [ RunTime:0.0123s ]
SQL: SELECT * FROM `zh_user` WHERE ( email = 'web_zhaobei@163.com' ) LIMIT 1   [ RunTime:0.0006s ]

[ 2015-04-21T08:45:43+08:00 ] ::1 /zhao/Home/User/chkemail.html
INFO: [ app_begin ] --START--
INFO: Run Behavior\ReadHtmlCacheBehavior [ RunTime:0.001137s ]
INFO: [ app_begin ] --END-- [ RunTime:0.001812s ]
SQL: SHOW COLUMNS FROM `zh_user` [ RunTime:0.0105s ]
SQL: SELECT * FROM `zh_user` WHERE ( email = 'web_zhaobei@163.com' ) LIMIT 1   [ RunTime:0.0007s ]

[ 2015-04-21T08:45:46+08:00 ] ::1 /zhao/Home/User/chkemail.html
INFO: [ app_begin ] --START--
INFO: Run Behavior\ReadHtmlCacheBehavior [ RunTime:0.001003s ]
INFO: [ app_begin ] --END-- [ RunTime:0.001715s ]
SQL: SHOW COLUMNS FROM `zh_user` [ RunTime:0.0095s ]
SQL: SELECT * FROM `zh_user` WHERE ( email = 'zb18238827991@163.com' ) LIMIT 1   [ RunTime:0.0006s ]

[ 2015-04-21T08:45:50+08:00 ] ::1 /zhao/Home/User/chkmobile.html
INFO: [ app_begin ] --START--
INFO: Run Behavior\ReadHtmlCacheBehavior [ RunTime:0.001149s ]
INFO: [ app_begin ] --END-- [ RunTime:0.001921s ]
SQL: SHOW COLUMNS FROM `zh_user` [ RunTime:0.0103s ]
SQL: SELECT COUNT(*) AS tp_count FROM `zh_user` WHERE ( mobile = '18238827991' ) LIMIT 1   [ RunTime:0.0004s ]

[ 2015-04-21T08:45:57+08:00 ] ::1 /zhao/Home/User/chkmobile.html
INFO: [ app_begin ] --START--
INFO: Run Behavior\ReadHtmlCacheBehavior [ RunTime:0.000757s ]
INFO: [ app_begin ] --END-- [ RunTime:0.001279s ]
SQL: SHOW COLUMNS FROM `zh_user` [ RunTime:0.0086s ]
SQL: SELECT COUNT(*) AS tp_count FROM `zh_user` WHERE ( mobile = '15538811945' ) LIMIT 1   [ RunTime:0.0005s ]

[ 2015-04-21T08:46:03+08:00 ] ::1 /zhao/Home/User/chkmobile.html
INFO: [ app_begin ] --START--
INFO: Run Behavior\ReadHtmlCacheBehavior [ RunTime:0.000969s ]
INFO: [ app_begin ] --END-- [ RunTime:0.001721s ]
SQL: SHOW COLUMNS FROM `zh_user` [ RunTime:0.0129s ]
SQL: SELECT COUNT(*) AS tp_count FROM `zh_user` WHERE ( mobile = '15538811945' ) LIMIT 1   [ RunTime:0.0004s ]

[ 2015-04-21T08:47:57+08:00 ] ::1 /zhao/Home/User/chk.html
INFO: [ app_begin ] --START--
INFO: Run Behavior\ReadHtmlCacheBehavior [ RunTime:0.001227s ]
INFO: [ app_begin ] --END-- [ RunTime:0.002199s ]
SQL: SHOW COLUMNS FROM `zh_user` [ RunTime:0.0090s ]
SQL: SELECT * FROM `zh_user` WHERE ( email = 'web_zhaobei@163.com' or mobile = 'web_zhaobei@163.com' ) LIMIT 1   [ RunTime:0.0012s ]

[ 2015-04-21T08:48:00+08:00 ] ::1 /zhao/Home/User/chk.html
INFO: [ app_begin ] --START--
INFO: Run Behavior\ReadHtmlCacheBehavior [ RunTime:0.001109s ]
INFO: [ app_begin ] --END-- [ RunTime:0.001657s ]
SQL: SHOW COLUMNS FROM `zh_user` [ RunTime:0.0101s ]
SQL: SELECT * FROM `zh_user` WHERE ( email = 'zb18238827991@163.com' or mobile = 'zb18238827991@163.com' ) LIMIT 1   [ RunTime:0.0010s ]

[ 2015-04-21T08:48:07+08:00 ] ::1 /zhao/Home/User/chk.html
INFO: [ app_begin ] --START--
INFO: Run Behavior\ReadHtmlCacheBehavior [ RunTime:0.000613s ]
INFO: [ app_begin ] --END-- [ RunTime:0.000957s ]
SQL: SHOW COLUMNS FROM `zh_user` [ RunTime:0.0092s ]
SQL: SELECT * FROM `zh_user` WHERE ( email = '15538811945' or mobile = '15538811945' ) LIMIT 1   [ RunTime:0.0008s ]

[ 2015-04-21T08:48:12+08:00 ] ::1 /zhao/Home/User/chk.html
INFO: [ app_begin ] --START--
INFO: Run Behavior\ReadHtmlCacheBehavior [ RunTime:0.000755s ]
INFO: [ app_begin ] --END-- [ RunTime:0.001155s ]
SQL: SHOW COLUMNS FROM `zh_user` [ RunTime:0.0092s ]
SQL: SELECT * FROM `zh_user` WHERE ( email = '18238827991' or mobile = '18238827991' ) LIMIT 1   [ RunTime:0.0007s ]

[ 2015-04-21T08:50:25+08:00 ] ::1 /zhao/Home/User/chk.html
INFO: [ app_begin ] --START--
INFO: Run Behavior\ReadHtmlCacheBehavior [ RunTime:0.001565s ]
INFO: [ app_begin ] --END-- [ RunTime:0.002863s ]
SQL: SHOW COLUMNS FROM `zh_user` [ RunTime:0.0110s ]
SQL: SELECT * FROM `zh_user` WHERE ( email = 'web_zhaobei@163.com' or mobile = 'web_zhaobei@163.com' ) LIMIT 1   [ RunTime:0.0007s ]

[ 2015-04-21T08:50:44+08:00 ] ::1 /zhao/Home/User/chk.html
INFO: [ app_begin ] --START--
INFO: Run Behavior\ReadHtmlCacheBehavior [ RunTime:0.000743s ]
INFO: [ app_begin ] --END-- [ RunTime:0.001391s ]
SQL: SHOW COLUMNS FROM `zh_user` [ RunTime:0.0111s ]
SQL: SELECT * FROM `zh_user` WHERE ( email = 'web_zhaobei@163.com' or mobile = 'web_zhaobei@163.com' ) LIMIT 1   [ RunTime:0.0007s ]

[ 2015-04-21T08:57:18+08:00 ] ::1 /zhao/Home/User/chk.html
INFO: [ app_begin ] --START--
INFO: Run Behavior\ReadHtmlCacheBehavior [ RunTime:0.000613s ]
INFO: [ app_begin ] --END-- [ RunTime:0.001004s ]
SQL: SHOW COLUMNS FROM `zh_user` [ RunTime:0.0092s ]
SQL: SELECT * FROM `zh_user` WHERE ( email = 'web_zhaobei@163.com' or mobile = 'web_zhaobei@163.com' ) LIMIT 1   [ RunTime:0.0011s ]

[ 2015-04-21T08:57:33+08:00 ] ::1 /zhao/Home/User/chk.html
INFO: [ app_begin ] --START--
INFO: Run Behavior\ReadHtmlCacheBehavior [ RunTime:0.001523s ]
INFO: [ app_begin ] --END-- [ RunTime:0.002239s ]
SQL: SHOW COLUMNS FROM `zh_user` [ RunTime:0.0103s ]
SQL: SELECT * FROM `zh_user` WHERE ( email = '18238827991' or mobile = '18238827991' ) LIMIT 1   [ RunTime:0.0849s ]

[ 2015-04-21T08:57:46+08:00 ] ::1 /zhao/Home/User/chk.html
INFO: [ app_begin ] --START--
INFO: Run Behavior\ReadHtmlCacheBehavior [ RunTime:0.001455s ]
INFO: [ app_begin ] --END-- [ RunTime:0.002022s ]
SQL: SHOW COLUMNS FROM `zh_user` [ RunTime:0.0095s ]
SQL: SELECT * FROM `zh_user` WHERE ( email = '13193496218' or mobile = '13193496218' ) LIMIT 1   [ RunTime:0.0010s ]

