[ 2015-04-21T09:22:21+08:00 ] ::1 /zhao/Public/assets/i/favicon.png
ERR: 无法加载模块:Public

[ 2015-04-21T11:27:03+08:00 ] ::1 /zhao/Public/assets/i/favicon.png
ERR: 无法加载模块:Public

[ 2015-04-21T11:31:27+08:00 ] ::1 /zhao/Public/assets/i/favicon.png
ERR: 无法加载模块:Public

[ 2015-04-21T13:47:04+08:00 ] ::1 /zhao/slide1.jpg
ERR: 无法加载模块:Slide1

[ 2015-04-21T13:47:07+08:00 ] ::1 /zhao/slide1.jpg
ERR: 无法加载模块:Slide1

[ 2015-04-21T13:50:30+08:00 ] ::1 /zhao/slide1.jpg
ERR: 无法加载模块:Slide1

[ 2015-04-21T13:50:31+08:00 ] ::1 /zhao/slide1.jpg
ERR: 无法加载模块:Slide1

[ 2015-04-21T13:51:26+08:00 ] ::1 /zhao/slide1.jpg
ERR: 无法加载模块:Slide1

[ 2015-04-21T13:51:26+08:00 ] ::1 /zhao/slide1.jpg
ERR: 无法加载模块:Slide1

[ 2015-04-21T13:51:26+08:00 ] ::1 /zhao/undefined
ERR: 无法加载模块:Undefined

[ 2015-04-21T13:51:27+08:00 ] ::1 /zhao/slide1.jpg
ERR: 无法加载模块:Slide1

[ 2015-04-21T13:51:27+08:00 ] ::1 /zhao/undefined
ERR: 无法加载模块:Undefined

[ 2015-04-21T13:51:27+08:00 ] ::1 /zhao/slide1.jpg
ERR: 无法加载模块:Slide1

[ 2015-04-21T13:51:28+08:00 ] ::1 /zhao/slide1.jpg
ERR: 无法加载模块:Slide1

[ 2015-04-21T13:51:28+08:00 ] ::1 /zhao/undefined
ERR: 无法加载模块:Undefined

[ 2015-04-21T13:51:28+08:00 ] ::1 /zhao/slide1.jpg
ERR: 无法加载模块:Slide1

[ 2015-04-21T13:51:56+08:00 ] ::1 /zhao/slide1.jpg
ERR: 无法加载模块:Slide1

[ 2015-04-21T13:51:56+08:00 ] ::1 /zhao/undefined
ERR: 无法加载模块:Undefined

[ 2015-04-21T13:51:56+08:00 ] ::1 /zhao/slide1.jpg
ERR: 无法加载模块:Slide1

[ 2015-04-21T13:51:57+08:00 ] ::1 /zhao/slide1.jpg
ERR: 无法加载模块:Slide1

[ 2015-04-21T13:51:57+08:00 ] ::1 /zhao/undefined
ERR: 无法加载模块:Undefined

[ 2015-04-21T13:51:57+08:00 ] ::1 /zhao/slide1.jpg
ERR: 无法加载模块:Slide1

[ 2015-04-21T13:53:10+08:00 ] ::1 /zhao/slide1.jpg
ERR: 无法加载模块:Slide1

[ 2015-04-21T13:53:10+08:00 ] ::1 /zhao/slide1.jpg
ERR: 无法加载模块:Slide1

[ 2015-04-21T13:53:10+08:00 ] ::1 /zhao/undefined
ERR: 无法加载模块:Undefined

[ 2015-04-21T13:53:32+08:00 ] ::1 /zhao/slide1.jpg
ERR: 无法加载模块:Slide1

[ 2015-04-21T13:53:32+08:00 ] ::1 /zhao/slide1.jpg
ERR: 无法加载模块:Slide1

[ 2015-04-21T13:53:32+08:00 ] ::1 /zhao/undefined
ERR: 无法加载模块:Undefined

[ 2015-04-21T13:57:10+08:00 ] ::1 /zhao/undefined
ERR: 无法加载模块:Undefined

[ 2015-04-21T13:59:01+08:00 ] ::1 /zhao/undefined
ERR: 无法加载模块:Undefined

[ 2015-04-21T20:41:19+08:00 ] ::1 /zhao/Public/img/products/single1.jpg
ERR: 无法加载模块:Public

[ 2015-04-21T20:41:19+08:00 ] ::1 /zhao/Public/img/products/single1.jpg
ERR: 无法加载模块:Public

[ 2015-04-21T20:41:24+08:00 ] ::1 /zhao/Public/img/products/single1.jpg
ERR: 无法加载模块:Public

[ 2015-04-21T20:41:24+08:00 ] ::1 /zhao/Public/img/products/single1.jpg
ERR: 无法加载模块:Public

[ 2015-04-21T21:38:28+08:00 ] ::1 /zhao/assets/i/examples/admin-chrome.png
ERR: 无法加载模块:Assets

[ 2015-04-21T21:38:28+08:00 ] ::1 /zhao/assets/i/examples/admin-firefox.png
ERR: 无法加载模块:Assets

[ 2015-04-21T21:38:28+08:00 ] ::1 /zhao/assets/i/examples/admin-ie.png
ERR: 无法加载模块:Assets

[ 2015-04-21T21:38:28+08:00 ] ::1 /zhao/assets/i/examples/admin-opera.png
ERR: 无法加载模块:Assets

[ 2015-04-21T21:38:28+08:00 ] ::1 /zhao/assets/i/examples/admin-safari.png
ERR: 无法加载模块:Assets

[ 2015-04-21T21:38:28+08:00 ] ::1 /zhao/assets/i/examples/admin-chrome.png
ERR: 无法加载模块:Assets

[ 2015-04-21T21:38:28+08:00 ] ::1 /zhao/assets/i/examples/admin-firefox.png
ERR: 无法加载模块:Assets

[ 2015-04-21T21:38:28+08:00 ] ::1 /zhao/assets/i/examples/admin-safari.png
ERR: 无法加载模块:Assets

[ 2015-04-21T21:38:28+08:00 ] ::1 /zhao/assets/i/examples/admin-opera.png
ERR: 无法加载模块:Assets

[ 2015-04-21T21:38:28+08:00 ] ::1 /zhao/assets/i/examples/admin-ie.png
ERR: 无法加载模块:Assets

[ 2015-04-21T21:45:58+08:00 ] ::1 /zhao/assets/i/examples/admin-chrome.png
ERR: 无法加载模块:Assets

[ 2015-04-21T21:45:58+08:00 ] ::1 /zhao/assets/i/examples/admin-firefox.png
ERR: 无法加载模块:Assets

[ 2015-04-21T21:45:58+08:00 ] ::1 /zhao/assets/i/examples/admin-ie.png
ERR: 无法加载模块:Assets

[ 2015-04-21T21:45:58+08:00 ] ::1 /zhao/assets/i/examples/admin-opera.png
ERR: 无法加载模块:Assets

[ 2015-04-21T21:45:58+08:00 ] ::1 /zhao/assets/i/examples/admin-safari.png
ERR: 无法加载模块:Assets

[ 2015-04-21T21:45:58+08:00 ] ::1 /zhao/assets/i/examples/admin-chrome.png
ERR: 无法加载模块:Assets

[ 2015-04-21T21:45:58+08:00 ] ::1 /zhao/assets/i/examples/admin-safari.png
ERR: 无法加载模块:Assets

[ 2015-04-21T21:45:58+08:00 ] ::1 /zhao/assets/i/examples/admin-ie.png
ERR: 无法加载模块:Assets

[ 2015-04-21T21:45:58+08:00 ] ::1 /zhao/assets/i/examples/admin-firefox.png
ERR: 无法加载模块:Assets

[ 2015-04-21T21:45:58+08:00 ] ::1 /zhao/assets/i/examples/admin-opera.png
ERR: 无法加载模块:Assets

[ 2015-04-21T21:46:39+08:00 ] ::1 /zhao/assets/i/examples/admin-chrome.png
ERR: 无法加载模块:Assets

[ 2015-04-21T21:46:39+08:00 ] ::1 /zhao/assets/i/examples/admin-firefox.png
ERR: 无法加载模块:Assets

[ 2015-04-21T21:46:39+08:00 ] ::1 /zhao/assets/i/examples/admin-ie.png
ERR: 无法加载模块:Assets

[ 2015-04-21T21:46:39+08:00 ] ::1 /zhao/assets/i/examples/admin-opera.png
ERR: 无法加载模块:Assets

[ 2015-04-21T21:46:39+08:00 ] ::1 /zhao/assets/i/examples/admin-safari.png
ERR: 无法加载模块:Assets

[ 2015-04-21T21:46:41+08:00 ] ::1 /zhao/assets/i/examples/admin-opera.png
ERR: 无法加载模块:Assets

[ 2015-04-21T21:46:41+08:00 ] ::1 /zhao/assets/i/examples/admin-ie.png
ERR: 无法加载模块:Assets

[ 2015-04-21T21:46:41+08:00 ] ::1 /zhao/assets/i/examples/admin-safari.png
ERR: 无法加载模块:Assets

[ 2015-04-21T21:46:41+08:00 ] ::1 /zhao/assets/i/examples/admin-chrome.png
ERR: 无法加载模块:Assets

[ 2015-04-21T21:46:41+08:00 ] ::1 /zhao/assets/i/examples/admin-firefox.png
ERR: 无法加载模块:Assets

