[ 2015-04-25T09:22:43+08:00 ] ::1 /zhao/assets/i/examples/admin-chrome.png
ERR: 无法加载模块:Assets

[ 2015-04-25T09:22:43+08:00 ] ::1 /zhao/assets/i/examples/admin-firefox.png
ERR: 无法加载模块:Assets

[ 2015-04-25T09:22:43+08:00 ] ::1 /zhao/assets/i/examples/admin-ie.png
ERR: 无法加载模块:Assets

[ 2015-04-25T09:22:43+08:00 ] ::1 /zhao/assets/i/examples/admin-opera.png
ERR: 无法加载模块:Assets

[ 2015-04-25T09:22:43+08:00 ] ::1 /zhao/assets/i/examples/admin-safari.png
ERR: 无法加载模块:Assets

[ 2015-04-25T09:23:37+08:00 ] ::1 /zhao/assets/i/examples/admin-ie.png
ERR: 无法加载模块:Assets

[ 2015-04-25T09:23:37+08:00 ] ::1 /zhao/assets/i/examples/admin-opera.png
ERR: 无法加载模块:Assets


[ 2015-04-25T09:23:37+08:00 ] ::1 /zhao/assets/i/examples/admin-firefox.png
ERR: 无法加载模块:Assets

[ 2015-04-25T09:26:14+08:00 ] ::1 /zhao/assets/i/examples/admin-chrome.png
ERR: 无法加载模块:Assets

[ 2015-04-25T09:26:14+08:00 ] ::1 /zhao/assets/i/examples/admin-ie.png
ERR: 无法加载模块:Assets

[ 2015-04-25T09:26:14+08:00 ] ::1 /zhao/assets/i/examples/admin-safari.png
ERR: 无法加载模块:Assets

[ 2015-04-25T09:26:14+08:00 ] ::1 /zhao/assets/i/examples/admin-firefox.png
ERR: 无法加载模块:Assets

[ 2015-04-25T09:26:14+08:00 ] ::1 /zhao/assets/i/examples/admin-opera.png
ERR: 无法加载模块:Assets

[ 2015-04-25T16:03:41+08:00 ] ::1 /zhao/Uploads/2015-04-25/553b461bb2edd.jpg
ERR: 无法加载模块:Uploads

[ 2015-04-25T16:03:41+08:00 ] ::1 /zhao/Uploads/2015-04-25/553b461bb4eab.jpg
ERR: 无法加载模块:Uploads

[ 2015-04-25T16:03:41+08:00 ] ::1 /zhao/Uploads/2015-04-25/553b461bb363c.jpg
ERR: 无法加载模块:Uploads

[ 2015-04-25T16:04:02+08:00 ] ::1 /zhao/Uploads/2015-04-25/553b461bb363c.jpg
ERR: 无法加载模块:Uploads

[ 2015-04-25T16:04:02+08:00 ] ::1 /zhao/Uploads/2015-04-25/553b461bb4eab.jpg
ERR: 无法加载模块:Uploads

[ 2015-04-25T16:04:02+08:00 ] ::1 /zhao/Uploads/2015-04-25/553b461bb43f4.jpg
ERR: 无法加载模块:Uploads

[ 2015-04-25T16:04:02+08:00 ] ::1 /zhao/Uploads/2015-04-25/553b461bb2edd.jpg
ERR: 无法加载模块:Uploads

[ 2015-04-25T16:04:20+08:00 ] ::1 /zhao/Uploads/2015-04-25/553b461bb363c.jpg
ERR: 无法加载模块:Uploads

[ 2015-04-25T16:04:20+08:00 ] ::1 /zhao/Uploads/2015-04-25/553b461bb5d8f.jpg
ERR: 无法加载模块:Uploads

[ 2015-04-25T16:04:20+08:00 ] ::1 /zhao/Uploads/2015-04-25/553b461bb2edd.jpg
ERR: 无法加载模块:Uploads

[ 2015-04-25T16:04:34+08:00 ] ::1 /zhao/Uploads/2015-04-25/553b461bb5d8f.jpg
ERR: 无法加载模块:Uploads

[ 2015-04-25T16:04:34+08:00 ] ::1 /zhao/Uploads/2015-04-25/553b461bb363c.jpg
ERR: 无法加载模块:Uploads

[ 2015-04-25T16:04:34+08:00 ] ::1 /zhao/Uploads/2015-04-25/553b461bb2edd.jpg
ERR: 无法加载模块:Uploads

[ 2015-04-25T16:04:54+08:00 ] ::1 /zhao/Uploads/2015-04-25/553b461bb363c.jpg
ERR: 无法加载模块:Uploads

[ 2015-04-25T16:04:54+08:00 ] ::1 /zhao/Uploads/2015-04-25/553b461bb2edd.jpg
ERR: 无法加载模块:Uploads

[ 2015-04-25T16:04:54+08:00 ] ::1 /zhao/Uploads/2015-04-25/553b461bb5d8f.jpg
ERR: 无法加载模块:Uploads

[ 2015-04-25T16:04:54+08:00 ] ::1 /zhao/Uploads/2015-04-25/553b461bb43f4.jpg
ERR: 无法加载模块:Uploads

[ 2015-04-25T16:04:54+08:00 ] ::1 /zhao/Uploads/2015-04-25/553b461bb4eab.jpg
ERR: 无法加载模块:Uploads

[ 2015-04-25T16:23:29+08:00 ] ::1 /zhao/2015-04-25/553b461bb2edd.jpg
ERR: 无法加载模块:2015-04-25

[ 2015-04-25T16:23:29+08:00 ] ::1 /zhao/2015-04-25/553b46a32a6ed.jpg
ERR: 无法加载模块:2015-04-25

[ 2015-04-25T16:23:29+08:00 ] ::1 /zhao/2015-04-25/553b46fb0bc14.jpg
ERR: 无法加载模块:2015-04-25

[ 2015-04-25T16:23:29+08:00 ] ::1 /zhao/2015-04-25/553b461bb2edd.jpg
ERR: 无法加载模块:2015-04-25

[ 2015-04-25T16:23:31+08:00 ] ::1 /zhao/2015-04-25/553b461bb2edd.jpg
ERR: 无法加载模块:2015-04-25

[ 2015-04-25T16:23:31+08:00 ] ::1 /zhao/2015-04-25/553b46a32a6ed.jpg
ERR: 无法加载模块:2015-04-25

[ 2015-04-25T16:23:31+08:00 ] ::1 /zhao/2015-04-25/553b46fb0bc14.jpg
ERR: 无法加载模块:2015-04-25

[ 2015-04-25T16:23:32+08:00 ] ::1 /zhao/2015-04-25/553b461bb2edd.jpg
ERR: 无法加载模块:2015-04-25

[ 2015-04-25T16:23:32+08:00 ] ::1 /zhao/2015-04-25/553b46a32a6ed.jpg
ERR: 无法加载模块:2015-04-25

[ 2015-04-25T16:23:32+08:00 ] ::1 /zhao/2015-04-25/553b46fb0bc14.jpg
ERR: 无法加载模块:2015-04-25

[ 2015-04-25T16:23:32+08:00 ] ::1 /zhao/2015-04-25/553b461bb2edd.jpg
ERR: 无法加载模块:2015-04-25

[ 2015-04-25T16:24:49+08:00 ] ::1 /zhao/Uploads/2015-04-25/553b461bb2edd.jpg
ERR: 无法加载模块:Uploads

[ 2015-04-25T16:24:49+08:00 ] ::1 /zhao/Uploads/2015-04-25/553b46a32a6ed.jpg
ERR: 无法加载模块:Uploads

[ 2015-04-25T16:24:49+08:00 ] ::1 /zhao/Uploads/2015-04-25/553b46fb0bc14.jpg
ERR: 无法加载模块:Uploads

[ 2015-04-25T16:24:49+08:00 ] ::1 /zhao/Uploads/2015-04-25/553b46fb0bc14.jpg
ERR: 无法加载模块:Uploads

[ 2015-04-25T16:24:49+08:00 ] ::1 /zhao/Uploads/2015-04-25/553b461bb2edd.jpg
ERR: 无法加载模块:Uploads

[ 2015-04-25T16:24:53+08:00 ] ::1 /zhao/Uploads/2015-04-25/553b461bb2edd.jpg
ERR: 无法加载模块:Uploads

[ 2015-04-25T16:24:53+08:00 ] ::1 /zhao/Uploads/2015-04-25/553b46a32a6ed.jpg
ERR: 无法加载模块:Uploads

[ 2015-04-25T16:24:53+08:00 ] ::1 /zhao/Uploads/2015-04-25/553b46fb0bc14.jpg
ERR: 无法加载模块:Uploads

[ 2015-04-25T16:24:54+08:00 ] ::1 /zhao/Uploads/2015-04-25/553b461bb2edd.jpg
ERR: 无法加载模块:Uploads

[ 2015-04-25T16:24:54+08:00 ] ::1 /zhao/Uploads/2015-04-25/553b461bb2edd.jpg
ERR: 无法加载模块:Uploads

[ 2015-04-25T16:24:54+08:00 ] ::1 /zhao/Uploads/2015-04-25/553b46fb0bc14.jpg
ERR: 无法加载模块:Uploads

[ 2015-04-25T16:24:54+08:00 ] ::1 /zhao/Uploads/2015-04-25/553b46a32a6ed.jpg
ERR: 无法加载模块:Uploads

[ 2015-04-25T16:24:54+08:00 ] ::1 /zhao/Uploads/2015-04-25/553b46fb0bc14.jpg
ERR: 无法加载模块:Uploads

[ 2015-04-25T16:24:54+08:00 ] ::1 /zhao/Uploads/2015-04-25/553b461bb2edd.jpg
ERR: 无法加载模块:Uploads

[ 2015-04-25T16:24:55+08:00 ] ::1 /zhao/Uploads/2015-04-25/553b461bb2edd.jpg
ERR: 无法加载模块:Uploads

[ 2015-04-25T16:24:55+08:00 ] ::1 /zhao/Uploads/2015-04-25/553b46fb0bc14.jpg
ERR: 无法加载模块:Uploads

[ 2015-04-25T16:24:55+08:00 ] ::1 /zhao/Uploads/2015-04-25/553b461bb2edd.jpg
ERR: 无法加载模块:Uploads

[ 2015-04-25T16:24:55+08:00 ] ::1 /zhao/Uploads/2015-04-25/553b46fb0bc14.jpg
ERR: 无法加载模块:Uploads

[ 2015-04-25T16:24:56+08:00 ] ::1 /zhao/Uploads/2015-04-25/553b461bb2edd.jpg
ERR: 无法加载模块:Uploads

[ 2015-04-25T16:24:56+08:00 ] ::1 /zhao/Uploads/2015-04-25/553b46a32a6ed.jpg
ERR: 无法加载模块:Uploads

[ 2015-04-25T16:24:56+08:00 ] ::1 /zhao/Uploads/2015-04-25/553b46fb0bc14.jpg
ERR: 无法加载模块:Uploads

[ 2015-04-25T16:24:56+08:00 ] ::1 /zhao/Uploads/2015-04-25/553b461bb2edd.jpg
ERR: 无法加载模块:Uploads

[ 2015-04-25T16:24:56+08:00 ] ::1 /zhao/Uploads/2015-04-25/553b46fb0bc14.jpg
ERR: 无法加载模块:Uploads

[ 2015-04-25T16:26:16+08:00 ] ::1 /zhao/Uploads/2015-04-25/553b461bb2edd.jpg
ERR: 无法加载模块:Uploads

[ 2015-04-25T16:28:51+08:00 ] ::1 /zhao/Uploads/2015-04-25/553b461bb2edd.jpg
ERR: 无法加载模块:Uploads

[ 2015-04-25T16:28:51+08:00 ] ::1 /zhao/Uploads/2015-04-25/553b46a32a6ed.jpg
ERR: 无法加载模块:Uploads

[ 2015-04-25T16:28:51+08:00 ] ::1 /zhao/Uploads/2015-04-25/553b46fb0bc14.jpg
ERR: 无法加载模块:Uploads

[ 2015-04-25T16:28:51+08:00 ] ::1 /zhao/Uploads/2015-04-25/553b461bb2edd.jpg
ERR: 无法加载模块:Uploads

[ 2015-04-25T16:29:04+08:00 ] ::1 /zhao/Uploads/2015-04-25/553b461bb2edd.jpg
ERR: 无法加载模块:Uploads

[ 2015-04-25T16:30:03+08:00 ] ::1 /zhao/Uploads/2015-04-25/553b461bb2edd.jpg
ERR: 无法加载模块:Uploads

[ 2015-04-25T16:31:56+08:00 ] ::1 /zhao/Uploads/2015-04-25/553b461bb2edd.jpg
ERR: 无法加载模块:Uploads

[ 2015-04-25T16:31:56+08:00 ] ::1 /zhao/Uploads/2015-04-25/553b46a32a6ed.jpg
ERR: 无法加载模块:Uploads

[ 2015-04-25T16:31:57+08:00 ] ::1 /zhao/Uploads/2015-04-25/553b46fb0bc14.jpg
ERR: 无法加载模块:Uploads

[ 2015-04-25T16:31:57+08:00 ] ::1 /zhao/Uploads/2015-04-25/553b461bb2edd.jpg
ERR: 无法加载模块:Uploads

[ 2015-04-25T16:31:57+08:00 ] ::1 /zhao/Uploads/2015-04-25/553b46fb0bc14.jpg
ERR: 无法加载模块:Uploads

[ 2015-04-25T16:32:24+08:00 ] ::1 /zhao/Uploads/2015-04-25/553b461bb2edd.jpg
ERR: 无法加载模块:Uploads

[ 2015-04-25T16:33:52+08:00 ] ::1 /zhao/Uploads/2015-04-25/553b461bb2edd.jpg
ERR: 无法加载模块:Uploads

[ 2015-04-25T16:35:51+08:00 ] ::1 /zhao/2015-04-25/553b461bb2edd.jpg
ERR: 无法加载模块:2015-04-25

[ 2015-04-25T16:35:51+08:00 ] ::1 /zhao/2015-04-25/553b46a32a6ed.jpg
ERR: 无法加载模块:2015-04-25

[ 2015-04-25T16:35:51+08:00 ] ::1 /zhao/2015-04-25/553b46fb0bc14.jpg
ERR: 无法加载模块:2015-04-25

[ 2015-04-25T16:35:51+08:00 ] ::1 /zhao/2015-04-25/553b46fb0bc14.jpg
ERR: 无法加载模块:2015-04-25

[ 2015-04-25T16:35:51+08:00 ] ::1 /zhao/2015-04-25/553b461bb2edd.jpg
ERR: 无法加载模块:2015-04-25

[ 2015-04-25T16:35:52+08:00 ] ::1 /zhao/2015-04-25/553b461bb2edd.jpg
ERR: 无法加载模块:2015-04-25

[ 2015-04-25T16:35:52+08:00 ] ::1 /zhao/2015-04-25/553b46a32a6ed.jpg
ERR: 无法加载模块:2015-04-25

[ 2015-04-25T16:35:52+08:00 ] ::1 /zhao/2015-04-25/553b46fb0bc14.jpg
ERR: 无法加载模块:2015-04-25

[ 2015-04-25T16:35:52+08:00 ] ::1 /zhao/2015-04-25/553b46fb0bc14.jpg
ERR: 无法加载模块:2015-04-25

[ 2015-04-25T16:35:52+08:00 ] ::1 /zhao/2015-04-25/553b461bb2edd.jpg
ERR: 无法加载模块:2015-04-25

[ 2015-04-25T16:36:07+08:00 ] ::1 /zhao/2015-04-25/553b461bb2edd.jpg
ERR: 无法加载模块:2015-04-25

[ 2015-04-25T16:36:36+08:00 ] ::1 /zhao/2015-04-25/553b461bb2edd.jpg
ERR: 无法加载模块:2015-04-25

[ 2015-04-25T16:36:37+08:00 ] ::1 /zhao/2015-04-25/553b461bb2edd.jpg
ERR: 无法加载模块:2015-04-25

[ 2015-04-25T16:36:43+08:00 ] ::1 /zhao/Uploads/2015-04-25/553b461bb2edd.jpg
ERR: 无法加载模块:Uploads

[ 2015-04-25T16:36:43+08:00 ] ::1 /zhao/Uploads/2015-04-25/553b46fb0bc14.jpg
ERR: 无法加载模块:Uploads

[ 2015-04-25T16:36:43+08:00 ] ::1 /zhao/Uploads/2015-04-25/553b46a32a6ed.jpg
ERR: 无法加载模块:Uploads

[ 2015-04-25T16:36:43+08:00 ] ::1 /zhao/Uploads/2015-04-25/553b461bb2edd.jpg
ERR: 无法加载模块:Uploads

[ 2015-04-25T16:36:43+08:00 ] ::1 /zhao/Uploads/2015-04-25/553b46fb0bc14.jpg
ERR: 无法加载模块:Uploads

[ 2015-04-25T16:36:53+08:00 ] ::1 /zhao/Uploads/2015-04-25/553b461bb2edd.jpg
ERR: 无法加载模块:Uploads

[ 2015-04-25T16:39:31+08:00 ] ::1 /zhao/zhao/Uploads/2015-04-25/553b461bb2edd.jpg
ERR: 无法加载模块:Zhao

[ 2015-04-25T16:39:31+08:00 ] ::1 /zhao/zhao/Uploads/2015-04-25/553b46fb0bc14.jpg
ERR: 无法加载模块:Zhao

[ 2015-04-25T16:39:31+08:00 ] ::1 /zhao/zhao/Uploads/2015-04-25/553b46a32a6ed.jpg
ERR: 无法加载模块:Zhao

[ 2015-04-25T16:39:31+08:00 ] ::1 /zhao/zhao/Uploads/2015-04-25/553b461bb2edd.jpg
ERR: 无法加载模块:Zhao

[ 2015-04-25T16:39:32+08:00 ] ::1 /zhao/zhao/Uploads/2015-04-25/553b46a32a6ed.jpg
ERR: 无法加载模块:Zhao

[ 2015-04-25T16:39:32+08:00 ] ::1 /zhao/zhao/Uploads/2015-04-25/553b46fb0bc14.jpg
ERR: 无法加载模块:Zhao

[ 2015-04-25T16:39:32+08:00 ] ::1 /zhao/zhao/Uploads/2015-04-25/553b461bb2edd.jpg
ERR: 无法加载模块:Zhao

[ 2015-04-25T16:39:33+08:00 ] ::1 /zhao/zhao/Uploads/2015-04-25/553b461bb2edd.jpg
ERR: 无法加载模块:Zhao

[ 2015-04-25T16:39:33+08:00 ] ::1 /zhao/zhao/Uploads/2015-04-25/553b46fb0bc14.jpg
ERR: 无法加载模块:Zhao

[ 2015-04-25T16:39:55+08:00 ] ::1 /zhao/zhao/Uploads/2015-04-25/553b461bb2edd.jpg
ERR: 无法加载模块:Zhao

[ 2015-04-25T16:40:11+08:00 ] ::1 /zhao/Uploads/2015-04-25/553b461bb2edd.jpg
ERR: 无法加载模块:Uploads

[ 2015-04-25T16:40:11+08:00 ] ::1 /zhao/Uploads/2015-04-25/553b46a32a6ed.jpg
ERR: 无法加载模块:Uploads

[ 2015-04-25T16:40:11+08:00 ] ::1 /zhao/Uploads/2015-04-25/553b46fb0bc14.jpg
ERR: 无法加载模块:Uploads

[ 2015-04-25T16:40:11+08:00 ] ::1 /zhao/Uploads/2015-04-25/553b461bb2edd.jpg
ERR: 无法加载模块:Uploads

[ 2015-04-25T16:40:11+08:00 ] ::1 /zhao/Uploads/2015-04-25/553b46fb0bc14.jpg
ERR: 无法加载模块:Uploads

[ 2015-04-25T16:40:12+08:00 ] ::1 /zhao/Uploads/2015-04-25/553b461bb2edd.jpg
ERR: 无法加载模块:Uploads

[ 2015-04-25T16:40:12+08:00 ] ::1 /zhao/Uploads/2015-04-25/553b46a32a6ed.jpg
ERR: 无法加载模块:Uploads

[ 2015-04-25T16:40:12+08:00 ] ::1 /zhao/Uploads/2015-04-25/553b46fb0bc14.jpg
ERR: 无法加载模块:Uploads

[ 2015-04-25T16:40:12+08:00 ] ::1 /zhao/Uploads/2015-04-25/553b46fb0bc14.jpg
ERR: 无法加载模块:Uploads

[ 2015-04-25T16:40:12+08:00 ] ::1 /zhao/Uploads/2015-04-25/553b461bb2edd.jpg
ERR: 无法加载模块:Uploads

[ 2015-04-25T16:40:13+08:00 ] ::1 /zhao/Uploads/2015-04-25/553b461bb2edd.jpg
ERR: 无法加载模块:Uploads

[ 2015-04-25T16:40:13+08:00 ] ::1 /zhao/Uploads/2015-04-25/553b46fb0bc14.jpg
ERR: 无法加载模块:Uploads

[ 2015-04-25T16:40:13+08:00 ] ::1 /zhao/Uploads/2015-04-25/553b46a32a6ed.jpg
ERR: 无法加载模块:Uploads

[ 2015-04-25T16:40:13+08:00 ] ::1 /zhao/Uploads/2015-04-25/553b461bb2edd.jpg
ERR: 无法加载模块:Uploads

[ 2015-04-25T16:40:13+08:00 ] ::1 /zhao/Uploads/2015-04-25/553b461bb2edd.jpg
ERR: 无法加载模块:Uploads

[ 2015-04-25T16:40:13+08:00 ] ::1 /zhao/Uploads/2015-04-25/553b46fb0bc14.jpg
ERR: 无法加载模块:Uploads

[ 2015-04-25T16:40:13+08:00 ] ::1 /zhao/Uploads/2015-04-25/553b46a32a6ed.jpg
ERR: 无法加载模块:Uploads

[ 2015-04-25T16:40:13+08:00 ] ::1 /zhao/Uploads/2015-04-25/553b46fb0bc14.jpg
ERR: 无法加载模块:Uploads

[ 2015-04-25T16:40:13+08:00 ] ::1 /zhao/Uploads/2015-04-25/553b461bb2edd.jpg
ERR: 无法加载模块:Uploads

[ 2015-04-25T16:40:13+08:00 ] ::1 /zhao/Uploads/2015-04-25/553b46a32a6ed.jpg
ERR: 无法加载模块:Uploads

[ 2015-04-25T16:40:13+08:00 ] ::1 /zhao/Uploads/2015-04-25/553b46fb0bc14.jpg
ERR: 无法加载模块:Uploads

[ 2015-04-25T16:40:13+08:00 ] ::1 /zhao/Uploads/2015-04-25/553b461bb2edd.jpg
ERR: 无法加载模块:Uploads

[ 2015-04-25T16:40:13+08:00 ] ::1 /zhao/Uploads/2015-04-25/553b46fb0bc14.jpg
ERR: 无法加载模块:Uploads

[ 2015-04-25T16:40:13+08:00 ] ::1 /zhao/Uploads/2015-04-25/553b461bb2edd.jpg
ERR: 无法加载模块:Uploads

[ 2015-04-25T16:40:13+08:00 ] ::1 /zhao/Uploads/2015-04-25/553b46a32a6ed.jpg
ERR: 无法加载模块:Uploads

[ 2015-04-25T16:40:13+08:00 ] ::1 /zhao/Uploads/2015-04-25/553b46fb0bc14.jpg
ERR: 无法加载模块:Uploads

[ 2015-04-25T16:40:14+08:00 ] ::1 /zhao/Uploads/2015-04-25/553b461bb2edd.jpg
ERR: 无法加载模块:Uploads

[ 2015-04-25T16:40:14+08:00 ] ::1 /zhao/Uploads/2015-04-25/553b46a32a6ed.jpg
ERR: 无法加载模块:Uploads

[ 2015-04-25T16:40:14+08:00 ] ::1 /zhao/Uploads/2015-04-25/553b46fb0bc14.jpg
ERR: 无法加载模块:Uploads

[ 2015-04-25T16:40:14+08:00 ] ::1 /zhao/Uploads/2015-04-25/553b461bb2edd.jpg
ERR: 无法加载模块:Uploads

[ 2015-04-25T16:40:14+08:00 ] ::1 /zhao/Uploads/2015-04-25/553b46fb0bc14.jpg
ERR: 无法加载模块:Uploads

[ 2015-04-25T16:40:14+08:00 ] ::1 /zhao/Uploads/2015-04-25/553b46a32a6ed.jpg
ERR: 无法加载模块:Uploads

[ 2015-04-25T16:40:14+08:00 ] ::1 /zhao/Uploads/2015-04-25/553b461bb2edd.jpg
ERR: 无法加载模块:Uploads

[ 2015-04-25T16:40:14+08:00 ] ::1 /zhao/Uploads/2015-04-25/553b46fb0bc14.jpg
ERR: 无法加载模块:Uploads

[ 2015-04-25T16:40:14+08:00 ] ::1 /zhao/Uploads/2015-04-25/553b461bb2edd.jpg
ERR: 无法加载模块:Uploads

[ 2015-04-25T16:40:14+08:00 ] ::1 /zhao/Uploads/2015-04-25/553b46a32a6ed.jpg
ERR: 无法加载模块:Uploads

[ 2015-04-25T16:40:14+08:00 ] ::1 /zhao/Uploads/2015-04-25/553b46fb0bc14.jpg
ERR: 无法加载模块:Uploads

[ 2015-04-25T16:40:14+08:00 ] ::1 /zhao/Uploads/2015-04-25/553b46fb0bc14.jpg
ERR: 无法加载模块:Uploads

[ 2015-04-25T16:40:14+08:00 ] ::1 /zhao/Uploads/2015-04-25/553b461bb2edd.jpg
ERR: 无法加载模块:Uploads

[ 2015-04-25T16:40:14+08:00 ] ::1 /zhao/Uploads/2015-04-25/553b461bb2edd.jpg
ERR: 无法加载模块:Uploads

[ 2015-04-25T16:40:14+08:00 ] ::1 /zhao/Uploads/2015-04-25/553b46fb0bc14.jpg
ERR: 无法加载模块:Uploads

[ 2015-04-25T16:40:14+08:00 ] ::1 /zhao/Uploads/2015-04-25/553b46a32a6ed.jpg
ERR: 无法加载模块:Uploads

[ 2015-04-25T16:40:14+08:00 ] ::1 /zhao/Uploads/2015-04-25/553b46fb0bc14.jpg
ERR: 无法加载模块:Uploads

[ 2015-04-25T16:40:14+08:00 ] ::1 /zhao/Uploads/2015-04-25/553b461bb2edd.jpg
ERR: 无法加载模块:Uploads

[ 2015-04-25T16:43:28+08:00 ] ::1 /zhao/Uploads/2015-04-25/553b461bb2edd.jpg
ERR: 无法加载模块:Uploads

[ 2015-04-25T16:43:28+08:00 ] ::1 /zhao/Uploads/2015-04-25/553b46fb0bc14.jpg
ERR: 无法加载模块:Uploads

[ 2015-04-25T16:43:28+08:00 ] ::1 /zhao/Uploads/2015-04-25/553b46a32a6ed.jpg
ERR: 无法加载模块:Uploads

[ 2015-04-25T16:43:29+08:00 ] ::1 /zhao/Uploads/2015-04-25/553b46a32a6ed.jpg
ERR: 无法加载模块:Uploads

[ 2015-04-25T16:43:29+08:00 ] ::1 /zhao/Uploads/2015-04-25/553b461bb2edd.jpg
ERR: 无法加载模块:Uploads

[ 2015-04-25T16:43:50+08:00 ] ::1 /zhao/Uploads/2015-04-25/553b461bb2edd.jpg
ERR: 无法加载模块:Uploads

[ 2015-04-25T16:43:51+08:00 ] ::1 /zhao/Uploads/2015-04-25/553b46a32a6ed.jpg
ERR: 无法加载模块:Uploads

[ 2015-04-25T16:43:51+08:00 ] ::1 /zhao/Uploads/2015-04-25/553b46fb0bc14.jpg
ERR: 无法加载模块:Uploads

[ 2015-04-25T16:43:52+08:00 ] ::1 /zhao/Uploads/2015-04-25/553b46a32a6ed.jpg
ERR: 无法加载模块:Uploads

[ 2015-04-25T16:43:52+08:00 ] ::1 /zhao/Uploads/2015-04-25/553b461bb2edd.jpg
ERR: 无法加载模块:Uploads

[ 2015-04-25T16:43:52+08:00 ] ::1 /zhao/Uploads/2015-04-25/553b46fb0bc14.jpg
ERR: 无法加载模块:Uploads

[ 2015-04-25T16:43:52+08:00 ] ::1 /zhao/Uploads/2015-04-25/553b46a32a6ed.jpg
ERR: 无法加载模块:Uploads

[ 2015-04-25T16:43:52+08:00 ] ::1 /zhao/Uploads/2015-04-25/553b46fb0bc14.jpg
ERR: 无法加载模块:Uploads

[ 2015-04-25T16:43:52+08:00 ] ::1 /zhao/Uploads/2015-04-25/553b461bb2edd.jpg
ERR: 无法加载模块:Uploads

[ 2015-04-25T16:43:53+08:00 ] ::1 /zhao/Uploads/2015-04-25/553b461bb2edd.jpg
ERR: 无法加载模块:Uploads

[ 2015-04-25T16:43:53+08:00 ] ::1 /zhao/Uploads/2015-04-25/553b46a32a6ed.jpg
ERR: 无法加载模块:Uploads

[ 2015-04-25T16:43:53+08:00 ] ::1 /zhao/Uploads/2015-04-25/553b46fb0bc14.jpg
ERR: 无法加载模块:Uploads

[ 2015-04-25T16:43:53+08:00 ] ::1 /zhao/Uploads/2015-04-25/553b461bb2edd.jpg
ERR: 无法加载模块:Uploads

[ 2015-04-25T16:43:53+08:00 ] ::1 /zhao/Uploads/2015-04-25/553b46a32a6ed.jpg
ERR: 无法加载模块:Uploads

[ 2015-04-25T16:51:41+08:00 ] ::1 /zhao/2015-04-25/553b4c826e367.jpg
ERR: 无法加载模块:2015-04-25

[ 2015-04-25T16:51:41+08:00 ] ::1 /zhao/2015-04-25/553b4d0a8e2bf.jpg
ERR: 无法加载模块:2015-04-25

[ 2015-04-25T16:51:41+08:00 ] ::1 /zhao/2015-04-25/553b4d6c5f437.jpg
ERR: 无法加载模块:2015-04-25

[ 2015-04-25T16:51:41+08:00 ] ::1 /zhao/2015-04-25/553b4d6c5f437.jpg
ERR: 无法加载模块:2015-04-25

[ 2015-04-25T16:51:41+08:00 ] ::1 /zhao/2015-04-25/553b4c826e367.jpg
ERR: 无法加载模块:2015-04-25

[ 2015-04-25T16:51:42+08:00 ] ::1 /zhao/2015-04-25/553b4c826e367.jpg
ERR: 无法加载模块:2015-04-25

[ 2015-04-25T16:51:42+08:00 ] ::1 /zhao/2015-04-25/553b4d0a8e2bf.jpg
ERR: 无法加载模块:2015-04-25

[ 2015-04-25T16:51:42+08:00 ] ::1 /zhao/2015-04-25/553b4d6c5f437.jpg
ERR: 无法加载模块:2015-04-25

[ 2015-04-25T16:51:42+08:00 ] ::1 /zhao/2015-04-25/553b4c826e367.jpg
ERR: 无法加载模块:2015-04-25

[ 2015-04-25T16:51:42+08:00 ] ::1 /zhao/2015-04-25/553b4d6c5f437.jpg
ERR: 无法加载模块:2015-04-25

