[ 2015-04-22T15:52:35+08:00 ] ::1 /zhao/Cart/add
ERR: 无法加载模块:Cart

[ 2015-04-22T15:53:35+08:00 ] ::1 /zhao/Cart/add
ERR: 无法加载模块:Cart

[ 2015-04-22T15:53:36+08:00 ] ::1 /zhao/Cart/add
ERR: 无法加载模块:Cart

[ 2015-04-22T15:53:36+08:00 ] ::1 /zhao/Cart/add
ERR: 无法加载模块:Cart

[ 2015-04-22T15:53:36+08:00 ] ::1 /zhao/Cart/add
ERR: 无法加载模块:Cart

[ 2015-04-22T15:53:36+08:00 ] ::1 /zhao/Cart/add
ERR: 无法加载模块:Cart

[ 2015-04-22T15:53:37+08:00 ] ::1 /zhao/Cart/add
ERR: 无法加载模块:Cart

[ 2015-04-22T15:53:37+08:00 ] ::1 /zhao/Cart/add
ERR: 无法加载模块:Cart

[ 2015-04-22T15:53:37+08:00 ] ::1 /zhao/Cart/add
ERR: 无法加载模块:Cart

[ 2015-04-22T16:05:17+08:00 ] ::1 /zhao/Cart/add
ERR: 无法加载模块:Cart

[ 2015-04-22T20:35:14+08:00 ] ::1 /zhao/Cart/add
ERR: 无法加载模块:Cart

[ 2015-04-22T20:35:16+08:00 ] ::1 /zhao/Cart/add
ERR: 无法加载模块:Cart

[ 2015-04-22T20:35:18+08:00 ] ::1 /zhao/Cart/add
ERR: 无法加载模块:Cart

[ 2015-04-22T20:35:19+08:00 ] ::1 /zhao/Cart/add
ERR: 无法加载模块:Cart

[ 2015-04-22T20:36:33+08:00 ] ::1 /zhao/Cart/add
ERR: 无法加载模块:Cart

[ 2015-04-22T20:36:34+08:00 ] ::1 /zhao/Cart/add
ERR: 无法加载模块:Cart

[ 2015-04-22T20:36:34+08:00 ] ::1 /zhao/Cart/add
ERR: 无法加载模块:Cart

[ 2015-04-22T20:36:34+08:00 ] ::1 /zhao/Cart/add
ERR: 无法加载模块:Cart

[ 2015-04-22T20:36:35+08:00 ] ::1 /zhao/Cart/add
ERR: 无法加载模块:Cart

[ 2015-04-22T20:36:35+08:00 ] ::1 /zhao/Cart/add
ERR: 无法加载模块:Cart

[ 2015-04-22T20:36:35+08:00 ] ::1 /zhao/Cart/add
ERR: 无法加载模块:Cart

[ 2015-04-22T20:36:36+08:00 ] ::1 /zhao/Cart/add
ERR: 无法加载模块:Cart

[ 2015-04-22T20:36:36+08:00 ] ::1 /zhao/Cart/add
ERR: 无法加载模块:Cart

[ 2015-04-22T20:36:36+08:00 ] ::1 /zhao/Cart/add
ERR: 无法加载模块:Cart

[ 2015-04-22T20:36:36+08:00 ] ::1 /zhao/Cart/add
ERR: 无法加载模块:Cart

[ 2015-04-22T20:36:37+08:00 ] ::1 /zhao/Cart/add
ERR: 无法加载模块:Cart

[ 2015-04-22T20:36:37+08:00 ] ::1 /zhao/Cart/add
ERR: 无法加载模块:Cart

[ 2015-04-22T20:36:37+08:00 ] ::1 /zhao/Cart/add
ERR: 无法加载模块:Cart

[ 2015-04-22T20:36:38+08:00 ] ::1 /zhao/Cart/add
ERR: 无法加载模块:Cart

[ 2015-04-22T23:39:36+08:00 ] ::1 /zhao/assets/i/examples/admin-chrome.png
ERR: 无法加载模块:Assets

[ 2015-04-22T23:39:36+08:00 ] ::1 /zhao/assets/i/examples/admin-opera.png
ERR: 无法加载模块:Assets

[ 2015-04-22T23:39:36+08:00 ] ::1 /zhao/assets/i/examples/admin-firefox.png
ERR: 无法加载模块:Assets

[ 2015-04-22T23:39:36+08:00 ] ::1 /zhao/assets/i/examples/admin-ie.png
ERR: 无法加载模块:Assets



