[ 2015-04-29T17:45:32+08:00 ] ::1 /zhao/Admin/User/admin-table.html
ERR: 非法操作:admin-table

[ 2015-04-29T17:45:39+08:00 ] ::1 /zhao/Admin/User/admin-form.html
ERR: 非法操作:admin-form

[ 2015-04-29T17:45:55+08:00 ] ::1 /zhao/Admin/Index/admin-gallery.html
ERR: 非法操作:admin-gallery

[ 2015-04-29T17:46:19+08:00 ] ::1 /zhao/Admin/User/admin-table.html
ERR: 非法操作:admin-table

[ 2015-04-29T18:06:53+08:00 ] ::1 /zhao/Admin/User/admin-table.html
ERR: 非法操作:admin-table

[ 2015-04-29T18:07:05+08:00 ] ::1 /zhao/Admin/Goods/admin-table.html
ERR: 非法操作:admin-table

[ 2015-04-29T18:09:06+08:00 ] ::1 /zhao/Admin/User/admin-table.html
ERR: 非法操作:admin-table

[ 2015-04-29T18:11:16+08:00 ] ::1 /zhao/Admin/User/admin-table.html
ERR: 非法操作:admin-table

[ 2015-04-29T18:11:20+08:00 ] ::1 /zhao/Admin/Goods/admin-table.html
ERR: 非法操作:admin-table

[ 2015-04-29T18:11:47+08:00 ] ::1 /zhao/Admin/Index/admin-table.html
ERR: 非法操作:admin-table

[ 2015-04-29T18:17:28+08:00 ] ::1 /zhao/Admin/Index/admin-table.html
ERR: 非法操作:admin-table

[ 2015-04-29T20:09:40+08:00 ] ::1 /zhao/Admin/admin-table.html
ERR: 无法加载控制器:Admin-table

[ 2015-04-29T21:19:33+08:00 ] ::1 /zhao/Admin/Index/admin-table.html
ERR: 非法操作:admin-table

[ 2015-04-29T22:39:30+08:00 ] ::1 /zhao/Admin/User/admin-table.html
ERR: 非法操作:admin-table

[ 2015-04-29T23:49:22+08:00 ] ::1 /zhao/Admin/User/admin-table.html
ERR: 非法操作:admin-table

