[ 2015-04-21T10:11:45+08:00 ] ::1 /zhao/Admin/User/doLogin.html
ERR: SQLSTATE[42S02]: Base table or view not found: 1146 Table 'zhao.zh_adminuser' doesn't exist

[ 2015-04-21T11:01:03+08:00 ] ::1 /zhao/Admin/assets/css/admin.css
ERR: 无法加载控制器:Assets

[ 2015-04-21T11:01:03+08:00 ] ::1 /zhao/Admin/assets/js/app.js
ERR: 无法加载控制器:Assets

[ 2015-04-21T11:03:00+08:00 ] ::1 /zhao/Admin/assets/css/admin.css
ERR: 无法加载控制器:Assets

[ 2015-04-21T11:03:00+08:00 ] ::1 /zhao/Admin/assets/js/app.js
ERR: 无法加载控制器:Assets

[ 2015-04-21T11:03:48+08:00 ] ::1 /zhao/Admin/assets/css/admin.css
ERR: 无法加载控制器:Assets

[ 2015-04-21T11:03:48+08:00 ] ::1 /zhao/Admin/assets/js/app.js
ERR: 无法加载控制器:Assets

[ 2015-04-21T11:03:51+08:00 ] ::1 /zhao/Admin/assets/css/admin.css
ERR: 无法加载控制器:Assets

[ 2015-04-21T11:03:59+08:00 ] ::1 /zhao/Admin/assets/css/admin.css
ERR: 无法加载控制器:Assets

[ 2015-04-21T11:03:59+08:00 ] ::1 /zhao/Admin/assets/js/app.js
ERR: 无法加载控制器:Assets

[ 2015-04-21T11:04:02+08:00 ] ::1 /zhao/Admin/assets/js/app.js
ERR: 无法加载控制器:Assets

[ 2015-04-21T11:08:35+08:00 ] ::1 /zhao/Admin/assets/js/app.js
ERR: 无法加载控制器:Assets

[ 2015-04-21T11:08:38+08:00 ] ::1 /zhao/Admin/admin-user.html
ERR: 无法加载控制器:Admin-user

[ 2015-04-21T11:08:56+08:00 ] ::1 /zhao/Admin/admin-user.html
ERR: 无法加载控制器:Admin-user

[ 2015-04-21T11:11:48+08:00 ] ::1 /zhao/Admin/User/assets/js/app.js
ERR: 非法操作:assets

[ 2015-04-21T11:11:57+08:00 ] ::1 /zhao/Admin/User/admin-help.html
ERR: 非法操作:admin-help

[ 2015-04-21T11:11:59+08:00 ] ::1 /zhao/Admin/User/admin-user.html
ERR: 非法操作:admin-user

[ 2015-04-21T11:13:14+08:00 ] ::1 /zhao/Admin/User/assets/js/app.js
ERR: 非法操作:assets

[ 2015-04-21T11:13:16+08:00 ] ::1 /zhao/Admin/User/admin-index.html
ERR: 非法操作:admin-index

[ 2015-04-21T11:13:51+08:00 ] ::1 /zhao/Admin/User/admin-index.html
ERR: 非法操作:admin-index

[ 2015-04-21T11:13:52+08:00 ] ::1 /zhao/Admin/User/admin-index.html
ERR: 非法操作:admin-index

[ 2015-04-21T11:13:57+08:00 ] ::1 /zhao/Admin/assets/js/app.js
ERR: 无法加载控制器:Assets

[ 2015-04-21T11:14:00+08:00 ] ::1 /zhao/Admin/admin-index.html
ERR: 无法加载控制器:Admin-index

[ 2015-04-21T11:14:03+08:00 ] ::1 /zhao/Admin/admin-user.html
ERR: 无法加载控制器:Admin-user

[ 2015-04-21T11:14:14+08:00 ] ::1 /zhao/Admin/assets/js/app.js
ERR: 无法加载控制器:Assets

[ 2015-04-21T11:14:17+08:00 ] ::1 /zhao/Admin/admin-index.html
ERR: 无法加载控制器:Admin-index

[ 2015-04-21T11:14:33+08:00 ] ::1 /zhao/Admin/admin-index.html
ERR: 无法加载控制器:Admin-index

[ 2015-04-21T11:14:36+08:00 ] ::1 /zhao/Admin/admin-index.html
ERR: 无法加载控制器:Admin-index

[ 2015-04-21T11:14:42+08:00 ] ::1 /zhao/Admin/admin-index.html
ERR: 无法加载控制器:Admin-index

[ 2015-04-21T11:15:06+08:00 ] ::1 /zhao/Admin/assets/js/app.js
ERR: 无法加载控制器:Assets

[ 2015-04-21T11:15:07+08:00 ] ::1 /zhao/Admin/assets/js/app.js
ERR: 无法加载控制器:Assets

[ 2015-04-21T11:15:07+08:00 ] ::1 /zhao/Admin/assets/js/app.js
ERR: 无法加载控制器:Assets

[ 2015-04-21T11:15:08+08:00 ] ::1 /zhao/Admin/assets/js/app.js
ERR: 无法加载控制器:Assets

[ 2015-04-21T11:15:08+08:00 ] ::1 /zhao/Admin/assets/js/app.js
ERR: 无法加载控制器:Assets

[ 2015-04-21T11:15:11+08:00 ] ::1 /zhao/Admin/User/assets/js/app.js
ERR: 非法操作:assets

[ 2015-04-21T11:15:11+08:00 ] ::1 /zhao/Admin/User/assets/js/app.js
ERR: 非法操作:assets

[ 2015-04-21T11:15:14+08:00 ] ::1 /zhao/Admin/Index/assets/js/app.js
ERR: 非法操作:assets

[ 2015-04-21T11:15:14+08:00 ] ::1 /zhao/Admin/Index/assets/js/app.js
ERR: 非法操作:assets

[ 2015-04-21T11:15:16+08:00 ] ::1 /zhao/Admin/User/assets/js/app.js
ERR: 非法操作:assets

[ 2015-04-21T11:15:17+08:00 ] ::1 /zhao/Admin/User/assets/js/app.js
ERR: 非法操作:assets

[ 2015-04-21T11:15:17+08:00 ] ::1 /zhao/Admin/Index/assets/js/app.js
ERR: 非法操作:assets

[ 2015-04-21T11:15:18+08:00 ] ::1 /zhao/Admin/Index/assets/js/app.js
ERR: 非法操作:assets

[ 2015-04-21T11:15:19+08:00 ] ::1 /zhao/Admin/User/assets/js/app.js
ERR: 非法操作:assets

[ 2015-04-21T11:15:19+08:00 ] ::1 /zhao/Admin/User/assets/js/app.js
ERR: 非法操作:assets

[ 2015-04-21T11:15:21+08:00 ] ::1 /zhao/Admin/Index/assets/js/app.js
ERR: 非法操作:assets

[ 2015-04-21T11:15:21+08:00 ] ::1 /zhao/Admin/Index/assets/js/app.js
ERR: 非法操作:assets

[ 2015-04-21T11:15:23+08:00 ] ::1 /zhao/Admin/User/assets/js/app.js
ERR: 非法操作:assets

[ 2015-04-21T11:15:23+08:00 ] ::1 /zhao/Admin/User/assets/js/app.js
ERR: 非法操作:assets

[ 2015-04-21T11:18:16+08:00 ] ::1 /zhao/Admin/assets/js/app.js
ERR: 无法加载控制器:Assets

[ 2015-04-21T11:18:17+08:00 ] ::1 /zhao/Admin/User/assets/js/app.js
ERR: 非法操作:assets

[ 2015-04-21T11:19:19+08:00 ] ::1 /zhao/Admin/User/assets/js/app.js
ERR: 非法操作:assets

[ 2015-04-21T11:19:37+08:00 ] ::1 /zhao/Admin/User/assets/js/app.js
ERR: 非法操作:assets

[ 2015-04-21T11:20:03+08:00 ] ::1 /zhao/Admin/User/assets/js/app.js
ERR: 非法操作:assets

[ 2015-04-21T11:21:28+08:00 ] ::1 /zhao/Admin/Index/assets/js/app.js
ERR: 非法操作:assets

[ 2015-04-21T11:21:35+08:00 ] ::1 /zhao/Admin/Index/admin-table.html
ERR: 非法操作:admin-table

[ 2015-04-21T11:32:14+08:00 ] ::1 /zhao/Admin/User/admin-help.html
ERR: 非法操作:admin-help

[ 2015-04-21T11:37:23+08:00 ] ::1 /zhao/Admin/User/admin-form.html
ERR: 非法操作:admin-form

[ 2015-04-21T11:40:04+08:00 ] ::1 /zhao/Admin/User/admin-form.html
ERR: 非法操作:admin-form

[ 2015-04-21T12:23:52+08:00 ] ::1 /zhao/Admin/Index/admin-table.html
ERR: 非法操作:admin-table

[ 2015-04-21T12:36:31+08:00 ] ::1 /zhao/Admin/Index/admin-help.html
ERR: 非法操作:admin-help

[ 2015-04-21T12:55:56+08:00 ] ::1 /zhao/Admin/User/admin-help.html
ERR: 非法操作:admin-help

